#
# A fatal error has been detected by the Java Runtime Environment:
#
#  EXCEPTION_ACCESS_VIOLATION (0xc0000005) at pc=0x00007ffb5bca87b0, pid=18924, tid=8456
#
# JRE version: OpenJDK Runtime Environment (11.0.2+9) (build 11.0.2+9)
# Java VM: OpenJDK 64-Bit Server VM (11.0.2+9, mixed mode, tiered, compressed oops, g1 gc, windows-amd64)
# Problematic frame:
# C  0x00007ffb5bca87b0
#
# No core dump will be written. Minidumps are not enabled by default on client versions of Windows
#
# If you would like to submit a bug report, please visit:
#   http://bugreport.java.com/bugreport/crash.jsp
# The crash happened outside the Java Virtual Machine in native code.
# See problematic frame for where to report the bug.
#

---------------  S U M M A R Y ------------

Command Line: -XX:TieredStopAtLevel=1 -Xverify:none -Dspring.output.ansi.enabled=always -Dcom.sun.management.jmxremote -Dspring.jmx.enabled=true -Dspring.liveBeansView.mbeanDomain -Dspring.application.admin.enabled=true -javaagent:C:\Program Files\JetBrains\IntelliJ IDEA 2022.2\lib\idea_rt.jar=63310:C:\Program Files\JetBrains\IntelliJ IDEA 2022.2\bin -Dfile.encoding=UTF-8 Ojakgyo.com.example.Ojakgyo.OjakgyoApplication

Host: AMD Ryzen 7 4800H with Radeon Graphics         , 16 cores, 15G,  Windows 10 , 64 bit Build 19041 (10.0.19041.3570)
Time: Sun Nov 12 22:11:38 2023 대한민국 표준시 elapsed time: 16 seconds (0d 0h 0m 16s)

---------------  T H R E A D  ---------------

Current thread (0x000001d33df4c800):  JavaThread "http-nio-8080-exec-2" daemon [_thread_in_native, id=8456, stack(0x0000002cec200000,0x0000002cec300000)]

Stack: [0x0000002cec200000,0x0000002cec300000],  sp=0x0000002cec2f9ad8,  free space=998k
Native frames: (J=compiled Java code, j=interpreted, Vv=VM code, C=native code)
C  0x00007ffb5bca87b0

Java frames: (J=compiled Java code, j=interpreted, Vv=VM code)
j  io.netty.internal.tcnative.Library.aprMajorVersion()I+0
j  io.netty.internal.tcnative.Library.initialize(Ljava/lang/String;Ljava/lang/String;)Z+31
j  io.netty.handler.ssl.OpenSsl.initializeTcNative(Ljava/lang/String;)Z+3
j  io.netty.handler.ssl.OpenSsl.<clinit>()V+252
v  ~StubRoutines::call_stub
j  io.grpc.netty.GrpcSslContexts.configure(Lio/netty/handler/ssl/SslContextBuilder;Lio/netty/handler/ssl/SslProvider;)Lio/netty/handler/ssl/SslContextBuilder;+60
j  org.hyperledger.fabric.sdk.Endpoint.getSslContextBuilder([Ljava/security/cert/X509Certificate;Ljava/security/PrivateKey;Lio/netty/handler/ssl/SslProvider;)Lio/netty/handler/ssl/SslContextBuilder;+4
j  org.hyperledger.fabric.sdk.Endpoint.<init>(Ljava/lang/String;Ljava/util/Properties;)V+1546
j  org.hyperledger.fabric.sdk.Endpoint.createEndpoint(Ljava/lang/String;Ljava/util/Properties;)Lorg/hyperledger/fabric/sdk/Endpoint;+6
j  org.hyperledger.fabric.sdk.Peer.setTLSCertificateKeyPair(Lorg/hyperledger/fabric/sdk/security/certgen/TLSCertificateKeyPair;)V+54
j  org.hyperledger.fabric.sdk.Channel.addPeer(Lorg/hyperledger/fabric/sdk/Peer;Lorg/hyperledger/fabric/sdk/Channel$PeerOptions;)Lorg/hyperledger/fabric/sdk/Channel;+273
j  org.hyperledger.fabric.sdk.NetworkConfig.reconstructChannel(Lorg/hyperledger/fabric/sdk/HFClient;Ljava/lang/String;Ljavax/json/JsonObject;)Lorg/hyperledger/fabric/sdk/Channel;+414
j  org.hyperledger.fabric.sdk.NetworkConfig.loadChannel(Lorg/hyperledger/fabric/sdk/HFClient;Ljava/lang/String;)Lorg/hyperledger/fabric/sdk/Channel;+165
j  org.hyperledger.fabric.sdk.HFClient.loadChannelFromConfig(Ljava/lang/String;Lorg/hyperledger/fabric/sdk/NetworkConfig;)Lorg/hyperledger/fabric/sdk/Channel;+76
j  org.hyperledger.fabric.gateway.impl.GatewayImpl.getNetwork(Ljava/lang/String;)Lorg/hyperledger/fabric/gateway/Network;+68
j  Ojakgyo.com.example.Ojakgyo.BlockChain.BlockChain.createContract(LOjakgyo/com/example/Ojakgyo/dto/BlockChainContract;)V+7
j  Ojakgyo.com.example.Ojakgyo.service.ContractService.saveBlock(LOjakgyo/com/example/Ojakgyo/dto/BlockChainContract;)V+38
j  Ojakgyo.com.example.Ojakgyo.controller.ContractController.saveBlock(Lorg/springframework/security/core/Authentication;LOjakgyo/com/example/Ojakgyo/dto/BlockChainContract;)Ljava/lang/Object;+5
v  ~StubRoutines::call_stub
J 4414  jdk.internal.reflect.NativeMethodAccessorImpl.invoke0(Ljava/lang/reflect/Method;Ljava/lang/Object;[Ljava/lang/Object;)Ljava/lang/Object; java.base@11.0.2 (0 bytes) @ 0x000001d31e2277cf [0x000001d31e227740+0x000000000000008f]
J 4413 c1 jdk.internal.reflect.NativeMethodAccessorImpl.invoke(Ljava/lang/Object;[Ljava/lang/Object;)Ljava/lang/Object; java.base@11.0.2 (104 bytes) @ 0x000001d31e228cbc [0x000001d31e2288c0+0x00000000000003fc]
J 4081 c1 jdk.internal.reflect.DelegatingMethodAccessorImpl.invoke(Ljava/lang/Object;[Ljava/lang/Object;)Ljava/lang/Object; java.base@11.0.2 (10 bytes) @ 0x000001d31e1af984 [0x000001d31e1af940+0x0000000000000044]
J 4220 c1 java.lang.reflect.Method.invoke(Ljava/lang/Object;[Ljava/lang/Object;)Ljava/lang/Object; java.base@11.0.2 (65 bytes) @ 0x000001d31e1e1aec [0x000001d31e1e19e0+0x000000000000010c]
j  org.springframework.web.method.support.InvocableHandlerMethod.doInvoke([Ljava/lang/Object;)Ljava/lang/Object;+28
j  org.springframework.web.method.support.InvocableHandlerMethod.invokeForRequest(Lorg/springframework/web/context/request/NativeWebRequest;Lorg/springframework/web/method/support/ModelAndViewContainer;[Ljava/lang/Object;)Ljava/lang/Object;+54
j  org.springframework.web.servlet.mvc.method.annotation.ServletInvocableHandlerMethod.invokeAndHandle(Lorg/springframework/web/context/request/ServletWebRequest;Lorg/springframework/web/method/support/ModelAndViewContainer;[Ljava/lang/Object;)V+4
j  org.springframework.web.servlet.mvc.method.annotation.RequestMappingHandlerAdapter.invokeHandlerMethod(Ljavax/servlet/http/HttpServletRequest;Ljavax/servlet/http/HttpServletResponse;Lorg/springframework/web/method/HandlerMethod;)Lorg/springframework/web/servlet/ModelAndView;+244
j  org.springframework.web.servlet.mvc.method.annotation.RequestMappingHandlerAdapter.handleInternal(Ljavax/servlet/http/HttpServletRequest;Ljavax/servlet/http/HttpServletResponse;Lorg/springframework/web/method/HandlerMethod;)Lorg/springframework/web/servlet/ModelAndView;+81
j  org.springframework.web.servlet.mvc.method.AbstractHandlerMethodAdapter.handle(Ljavax/servlet/http/HttpServletRequest;Ljavax/servlet/http/HttpServletResponse;Ljava/lang/Object;)Lorg/springframework/web/servlet/ModelAndView;+7
j  org.springframework.web.servlet.DispatcherServlet.doDispatch(Ljavax/servlet/http/HttpServletRequest;Ljavax/servlet/http/HttpServletResponse;)V+259
j  org.springframework.web.servlet.DispatcherServlet.doService(Ljavax/servlet/http/HttpServletRequest;Ljavax/servlet/http/HttpServletResponse;)V+241
j  org.springframework.web.servlet.FrameworkServlet.processRequest(Ljavax/servlet/http/HttpServletRequest;Ljavax/servlet/http/HttpServletResponse;)V+71
j  org.springframework.web.servlet.FrameworkServlet.doPost(Ljavax/servlet/http/HttpServletRequest;Ljavax/servlet/http/HttpServletResponse;)V+3
j  javax.servlet.http.HttpServlet.service(Ljavax/servlet/http/HttpServletRequest;Ljavax/servlet/http/HttpServletResponse;)V+149
j  org.springframework.web.servlet.FrameworkServlet.service(Ljavax/servlet/http/HttpServletRequest;Ljavax/servlet/http/HttpServletResponse;)V+33
j  javax.servlet.http.HttpServlet.service(Ljavax/servlet/ServletRequest;Ljavax/servlet/ServletResponse;)V+36
j  org.apache.catalina.core.ApplicationFilterChain.internalDoFilter(Ljavax/servlet/ServletRequest;Ljavax/servlet/ServletResponse;)V+304
j  org.apache.catalina.core.ApplicationFilterChain.doFilter(Ljavax/servlet/ServletRequest;Ljavax/servlet/ServletResponse;)V+99
j  org.apache.tomcat.websocket.server.WsFilter.doFilter(Ljavax/servlet/ServletRequest;Ljavax/servlet/ServletResponse;Ljavax/servlet/FilterChain;)V+21
j  org.apache.catalina.core.ApplicationFilterChain.internalDoFilter(Ljavax/servlet/ServletRequest;Ljavax/servlet/ServletResponse;)V+135
j  org.apache.catalina.core.ApplicationFilterChain.doFilter(Ljavax/servlet/ServletRequest;Ljavax/servlet/ServletResponse;)V+99
j  org.springframework.web.filter.OncePerRequestFilter.doFilter(Ljavax/servlet/ServletRequest;Ljavax/servlet/ServletResponse;Ljavax/servlet/FilterChain;)V+122
j  org.apache.catalina.core.ApplicationFilterChain.internalDoFilter(Ljavax/servlet/ServletRequest;Ljavax/servlet/ServletResponse;)V+135
j  org.apache.catalina.core.ApplicationFilterChain.doFilter(Ljavax/servlet/ServletRequest;Ljavax/servlet/ServletResponse;)V+99
j  org.springframework.security.web.FilterChainProxy$VirtualFilterChain.doFilter(Ljavax/servlet/ServletRequest;Ljavax/servlet/ServletResponse;)V+52
j  org.springframework.security.web.access.intercept.FilterSecurityInterceptor.invoke(Lorg/springframework/security/web/FilterInvocation;)V+79
j  org.springframework.security.web.access.intercept.FilterSecurityInterceptor.doFilter(Ljavax/servlet/ServletRequest;Ljavax/servlet/ServletResponse;Ljavax/servlet/FilterChain;)V+11
j  org.springframework.security.web.FilterChainProxy$VirtualFilterChain.doFilter(Ljavax/servlet/ServletRequest;Ljavax/servlet/ServletResponse;)V+136
j  org.springframework.security.web.access.ExceptionTranslationFilter.doFilter(Ljavax/servlet/http/HttpServletRequest;Ljavax/servlet/http/HttpServletResponse;Ljavax/servlet/FilterChain;)V+3
j  org.springframework.security.web.access.ExceptionTranslationFilter.doFilter(Ljavax/servlet/ServletRequest;Ljavax/servlet/ServletResponse;Ljavax/servlet/FilterChain;)V+10
j  org.springframework.security.web.FilterChainProxy$VirtualFilterChain.doFilter(Ljavax/servlet/ServletRequest;Ljavax/servlet/ServletResponse;)V+136
j  org.springframework.security.web.session.SessionManagementFilter.doFilter(Ljavax/servlet/http/HttpServletRequest;Ljavax/servlet/http/HttpServletResponse;Ljavax/servlet/FilterChain;)V+210
j  org.springframework.security.web.session.SessionManagementFilter.doFilter(Ljavax/servlet/ServletRequest;Ljavax/servlet/ServletResponse;Ljavax/servlet/FilterChain;)V+10
j  org.springframework.security.web.FilterChainProxy$VirtualFilterChain.doFilter(Ljavax/servlet/ServletRequest;Ljavax/servlet/ServletResponse;)V+136
j  org.springframework.security.web.authentication.AnonymousAuthenticationFilter.doFilter(Ljavax/servlet/ServletRequest;Ljavax/servlet/ServletResponse;Ljavax/servlet/FilterChain;)V+118
j  org.springframework.security.web.FilterChainProxy$VirtualFilterChain.doFilter(Ljavax/servlet/ServletRequest;Ljavax/servlet/ServletResponse;)V+136
j  org.springframework.security.web.servletapi.SecurityContextHolderAwareRequestFilter.doFilter(Ljavax/servlet/ServletRequest;Ljavax/servlet/ServletResponse;Ljavax/servlet/FilterChain;)V+19
j  org.springframework.security.web.FilterChainProxy$VirtualFilterChain.doFilter(Ljavax/servlet/ServletRequest;Ljavax/servlet/ServletResponse;)V+136
j  org.springframework.security.web.savedrequest.RequestCacheAwareFilter.doFilter(Ljavax/servlet/ServletRequest;Ljavax/servlet/ServletResponse;Ljavax/servlet/FilterChain;)V+32
j  org.springframework.security.web.FilterChainProxy$VirtualFilterChain.doFilter(Ljavax/servlet/ServletRequest;Ljavax/servlet/ServletResponse;)V+136
j  Ojakgyo.com.example.Ojakgyo.config.jwt.JwtAuthorizationFilter.doFilterInternal(Ljavax/servlet/http/HttpServletRequest;Ljavax/servlet/http/HttpServletResponse;Ljavax/servlet/FilterChain;)V+114
j  org.springframework.web.filter.OncePerRequestFilter.doFilter(Ljavax/servlet/ServletRequest;Ljavax/servlet/ServletResponse;Ljavax/servlet/FilterChain;)V+147
j  org.springframework.security.web.FilterChainProxy$VirtualFilterChain.doFilter(Ljavax/servlet/ServletRequest;Ljavax/servlet/ServletResponse;)V+136
j  org.springframework.security.web.authentication.AbstractAuthenticationProcessingFilter.doFilter(Ljavax/servlet/http/HttpServletRequest;Ljavax/servlet/http/HttpServletResponse;Ljavax/servlet/FilterChain;)V+12
j  org.springframework.security.web.authentication.AbstractAuthenticationProcessingFilter.doFilter(Ljavax/servlet/ServletRequest;Ljavax/servlet/ServletResponse;Ljavax/servlet/FilterChain;)V+10
j  org.springframework.security.web.FilterChainProxy$VirtualFilterChain.doFilter(Ljavax/servlet/ServletRequest;Ljavax/servlet/ServletResponse;)V+136
j  org.springframework.security.web.authentication.logout.LogoutFilter.doFilter(Ljavax/servlet/http/HttpServletRequest;Ljavax/servlet/http/HttpServletResponse;Ljavax/servlet/FilterChain;)V+77
j  org.springframework.security.web.authentication.logout.LogoutFilter.doFilter(Ljavax/servlet/ServletRequest;Ljavax/servlet/ServletResponse;Ljavax/servlet/FilterChain;)V+10
j  org.springframework.security.web.FilterChainProxy$VirtualFilterChain.doFilter(Ljavax/servlet/ServletRequest;Ljavax/servlet/ServletResponse;)V+136
j  org.springframework.web.filter.CorsFilter.doFilterInternal(Ljavax/servlet/http/HttpServletRequest;Ljavax/servlet/http/HttpServletResponse;Ljavax/servlet/FilterChain;)V+43
j  org.springframework.web.filter.OncePerRequestFilter.doFilter(Ljavax/servlet/ServletRequest;Ljavax/servlet/ServletResponse;Ljavax/servlet/FilterChain;)V+147
j  org.springframework.security.web.FilterChainProxy$VirtualFilterChain.doFilter(Ljavax/servlet/ServletRequest;Ljavax/servlet/ServletResponse;)V+136
j  org.springframework.security.web.header.HeaderWriterFilter.doHeadersAfter(Ljavax/servlet/http/HttpServletRequest;Ljavax/servlet/http/HttpServletResponse;Ljavax/servlet/FilterChain;)V+29
j  org.springframework.security.web.header.HeaderWriterFilter.doFilterInternal(Ljavax/servlet/http/HttpServletRequest;Ljavax/servlet/http/HttpServletResponse;Ljavax/servlet/FilterChain;)V+21
j  org.springframework.web.filter.OncePerRequestFilter.doFilter(Ljavax/servlet/ServletRequest;Ljavax/servlet/ServletResponse;Ljavax/servlet/FilterChain;)V+147
j  org.springframework.security.web.FilterChainProxy$VirtualFilterChain.doFilter(Ljavax/servlet/ServletRequest;Ljavax/servlet/ServletResponse;)V+136
j  org.springframework.security.web.context.SecurityContextPersistenceFilter.doFilter(Ljavax/servlet/http/HttpServletRequest;Ljavax/servlet/http/HttpServletResponse;Ljavax/servlet/FilterChain;)V+181
j  org.springframework.security.web.context.SecurityContextPersistenceFilter.doFilter(Ljavax/servlet/ServletRequest;Ljavax/servlet/ServletResponse;Ljavax/servlet/FilterChain;)V+10
j  org.springframework.security.web.FilterChainProxy$VirtualFilterChain.doFilter(Ljavax/servlet/ServletRequest;Ljavax/servlet/ServletResponse;)V+136
j  org.springframework.security.web.context.request.async.WebAsyncManagerIntegrationFilter.doFilterInternal(Ljavax/servlet/http/HttpServletRequest;Ljavax/servlet/http/HttpServletResponse;Ljavax/servlet/FilterChain;)V+42
j  org.springframework.web.filter.OncePerRequestFilter.doFilter(Ljavax/servlet/ServletRequest;Ljavax/servlet/ServletResponse;Ljavax/servlet/FilterChain;)V+147
j  org.springframework.security.web.FilterChainProxy$VirtualFilterChain.doFilter(Ljavax/servlet/ServletRequest;Ljavax/servlet/ServletResponse;)V+136
j  org.springframework.security.web.session.DisableEncodeUrlFilter.doFilterInternal(Ljavax/servlet/http/HttpServletRequest;Ljavax/servlet/http/HttpServletResponse;Ljavax/servlet/FilterChain;)V+11
j  org.springframework.web.filter.OncePerRequestFilter.doFilter(Ljavax/servlet/ServletRequest;Ljavax/servlet/ServletResponse;Ljavax/servlet/FilterChain;)V+147
j  org.springframework.security.web.FilterChainProxy$VirtualFilterChain.doFilter(Ljavax/servlet/ServletRequest;Ljavax/servlet/ServletResponse;)V+136
j  org.springframework.security.web.FilterChainProxy.doFilterInternal(Ljavax/servlet/ServletRequest;Ljavax/servlet/ServletResponse;Ljavax/servlet/FilterChain;)V+148
j  org.springframework.security.web.FilterChainProxy.doFilter(Ljavax/servlet/ServletRequest;Ljavax/servlet/ServletResponse;Ljavax/servlet/FilterChain;)V+48
j  org.springframework.web.filter.DelegatingFilterProxy.invokeDelegate(Ljavax/servlet/Filter;Ljavax/servlet/ServletRequest;Ljavax/servlet/ServletResponse;Ljavax/servlet/FilterChain;)V+5
j  org.springframework.web.filter.DelegatingFilterProxy.doFilter(Ljavax/servlet/ServletRequest;Ljavax/servlet/ServletResponse;Ljavax/servlet/FilterChain;)V+85
j  org.apache.catalina.core.ApplicationFilterChain.internalDoFilter(Ljavax/servlet/ServletRequest;Ljavax/servlet/ServletResponse;)V+135
j  org.apache.catalina.core.ApplicationFilterChain.doFilter(Ljavax/servlet/ServletRequest;Ljavax/servlet/ServletResponse;)V+99
j  org.springframework.web.filter.RequestContextFilter.doFilterInternal(Ljavax/servlet/http/HttpServletRequest;Ljavax/servlet/http/HttpServletResponse;Ljavax/servlet/FilterChain;)V+21
j  org.springframework.web.filter.OncePerRequestFilter.doFilter(Ljavax/servlet/ServletRequest;Ljavax/servlet/ServletResponse;Ljavax/servlet/FilterChain;)V+147
j  org.apache.catalina.core.ApplicationFilterChain.internalDoFilter(Ljavax/servlet/ServletRequest;Ljavax/servlet/ServletResponse;)V+135
j  org.apache.catalina.core.ApplicationFilterChain.doFilter(Ljavax/servlet/ServletRequest;Ljavax/servlet/ServletResponse;)V+99
j  org.springframework.web.filter.FormContentFilter.doFilterInternal(Ljavax/servlet/http/HttpServletRequest;Ljavax/servlet/http/HttpServletResponse;Ljavax/servlet/FilterChain;)V+38
j  org.springframework.web.filter.OncePerRequestFilter.doFilter(Ljavax/servlet/ServletRequest;Ljavax/servlet/ServletResponse;Ljavax/servlet/FilterChain;)V+147
j  org.apache.catalina.core.ApplicationFilterChain.internalDoFilter(Ljavax/servlet/ServletRequest;Ljavax/servlet/ServletResponse;)V+135
j  org.apache.catalina.core.ApplicationFilterChain.doFilter(Ljavax/servlet/ServletRequest;Ljavax/servlet/ServletResponse;)V+99
j  org.springframework.web.filter.CharacterEncodingFilter.doFilterInternal(Ljavax/servlet/http/HttpServletRequest;Ljavax/servlet/http/HttpServletResponse;Ljavax/servlet/FilterChain;)V+53
j  org.springframework.web.filter.OncePerRequestFilter.doFilter(Ljavax/servlet/ServletRequest;Ljavax/servlet/ServletResponse;Ljavax/servlet/FilterChain;)V+147
j  org.apache.catalina.core.ApplicationFilterChain.internalDoFilter(Ljavax/servlet/ServletRequest;Ljavax/servlet/ServletResponse;)V+135
j  org.apache.catalina.core.ApplicationFilterChain.doFilter(Ljavax/servlet/ServletRequest;Ljavax/servlet/ServletResponse;)V+99
j  org.apache.catalina.core.StandardWrapperValve.invoke(Lorg/apache/catalina/connector/Request;Lorg/apache/catalina/connector/Response;)V+514
j  org.apache.catalina.core.StandardContextValve.invoke(Lorg/apache/catalina/connector/Request;Lorg/apache/catalina/connector/Response;)V+169
j  org.apache.catalina.authenticator.AuthenticatorBase.invoke(Lorg/apache/catalina/connector/Request;Lorg/apache/catalina/connector/Response;)V+260
j  org.apache.catalina.core.StandardHostValve.invoke(Lorg/apache/catalina/connector/Request;Lorg/apache/catalina/connector/Response;)V+128
j  org.apache.catalina.valves.ErrorReportValve.invoke(Lorg/apache/catalina/connector/Request;Lorg/apache/catalina/connector/Response;)V+6
j  org.apache.catalina.core.StandardEngineValve.invoke(Lorg/apache/catalina/connector/Request;Lorg/apache/catalina/connector/Response;)V+59
j  org.apache.catalina.connector.CoyoteAdapter.service(Lorg/apache/coyote/Request;Lorg/apache/coyote/Response;)V+203
j  org.apache.coyote.http11.Http11Processor.service(Lorg/apache/tomcat/util/net/SocketWrapperBase;)Lorg/apache/tomcat/util/net/AbstractEndpoint$Handler$SocketState;+796
j  org.apache.coyote.AbstractProcessorLight.process(Lorg/apache/tomcat/util/net/SocketWrapperBase;Lorg/apache/tomcat/util/net/SocketEvent;)Lorg/apache/tomcat/util/net/AbstractEndpoint$Handler$SocketState;+170
j  org.apache.coyote.AbstractProtocol$ConnectionHandler.process(Lorg/apache/tomcat/util/net/SocketWrapperBase;Lorg/apache/tomcat/util/net/SocketEvent;)Lorg/apache/tomcat/util/net/AbstractEndpoint$Handler$SocketState;+489
j  org.apache.tomcat.util.net.NioEndpoint$SocketProcessor.doRun()V+249
j  org.apache.tomcat.util.net.SocketProcessorBase.run()V+21
j  org.apache.tomcat.util.threads.ThreadPoolExecutor.runWorker(Lorg/apache/tomcat/util/threads/ThreadPoolExecutor$Worker;)V+92
j  org.apache.tomcat.util.threads.ThreadPoolExecutor$Worker.run()V+5
j  org.apache.tomcat.util.threads.TaskThread$WrappingRunnable.run()V+4
j  java.lang.Thread.run()V+11 java.base@11.0.2
v  ~StubRoutines::call_stub

siginfo: EXCEPTION_ACCESS_VIOLATION (0xc0000005), data execution prevention violation at address 0x00007ffb5bca87b0


Register to memory mapping:

RIP=0x00007ffb5bca87b0 is an unknown value
RAX=0x00007ffb5bca87b0 is an unknown value
RBX={method} {0x000001d340331218} 'aprMajorVersion' '()I' in 'io/netty/internal/tcnative/Library'
RCX=0x000001d33df4cb40 points into unknown readable memory: a0 1c d1 49 fb 7f 00 00
RDX=0x0000002cec2f9b60 is pointing into the stack for thread: 0x000001d33df4c800
RSP=0x0000002cec2f9ad8 is pointing into the stack for thread: 0x000001d33df4c800
RBP=0x0000002cec2f9b50 is pointing into the stack for thread: 0x000001d33df4c800
RSI=0x0000000000200031 is an unknown value
RDI=0x0 is NULL
R8 =0x0000000000000009 is an unknown value
R9 =0x0000000000000009 is an unknown value
R10=0x000001d31cf6f088 is at code_begin+1000 in an Interpreter codelet
method entry point (kind = native)  [0x000001d31cf6eca0, 0x000001d31cf6f800]  2912 bytes
R11=0x00000007171fdc50 is an oop: java.lang.Class 
{0x00000007171fdc50} - klass: 'java/lang/Class'
R12=0x0 is NULL
R13={method} {0x000001d340331218} 'aprMajorVersion' '()I' in 'io/netty/internal/tcnative/Library'
R14=0x0000002cec2f9b68 is pointing into the stack for thread: 0x000001d33df4c800
R15=0x000001d33df4c800 is a thread


Registers:
RAX=0x00007ffb5bca87b0, RBX=0x000001d340331210, RCX=0x000001d33df4cb40, RDX=0x0000002cec2f9b60
RSP=0x0000002cec2f9ad8, RBP=0x0000002cec2f9b50, RSI=0x0000000000200031, RDI=0x0000000000000000
R8 =0x0000000000000009, R9 =0x0000000000000009, R10=0x000001d31cf6f088, R11=0x00000007171fdc50
R12=0x0000000000000000, R13=0x000001d340331210, R14=0x0000002cec2f9b68, R15=0x000001d33df4c800
RIP=0x00007ffb5bca87b0, EFLAGS=0x0000000000010202

Top of Stack: (sp=0x0000002cec2f9ad8)
0x0000002cec2f9ad8:   000001d31cf6f0b7 000001d33df4c800
0x0000002cec2f9ae8:   000001d340331210 0000000000200031
0x0000002cec2f9af8:   00000007171fdce0 000001d31cf6ed56
0x0000002cec2f9b08:   0000002cec2f9b08 000001d340331210
0x0000002cec2f9b18:   0000002cec2f9b68 000001d3403315e0
0x0000002cec2f9b28:   0000000000000000 00000007171fdc50
0x0000002cec2f9b38:   000001d340331210 0000000000000000
0x0000002cec2f9b48:   0000002cec2f9b70 0000002cec2f9bb8
0x0000002cec2f9b58:   000001d31cf69880 00000007171fdc50
0x0000002cec2f9b68:   000001d31cf6bff6 0000002cec2f9b70
0x0000002cec2f9b78:   000001d34033140f 0000002cec2f9bd0
0x0000002cec2f9b88:   000001d3403315e0 0000000000000000
0x0000002cec2f9b98:   00000007171fdc50 000001d340331488
0x0000002cec2f9ba8:   0000002cec2f9b70 0000002cec2f9bc8
0x0000002cec2f9bb8:   0000002cec2f9c20 000001d31cf69610
0x0000002cec2f9bc8:   0000000000000000 00000007171fdce0 

Instructions: (pc=0x00007ffb5bca87b0)
0x00007ffb5bca8790:   
[error occurred during error reporting (printing registers, top of stack, instructions near pc), id 0xc0000005, EXCEPTION_ACCESS_VIOLATION (0xc0000005) at pc=0x00007ffb49948033]

Stack slot to memory mapping:
stack at sp + 0 slots: 0x000001d31cf6f0b7 is at code_begin+1047 in an Interpreter codelet
method entry point (kind = native)  [0x000001d31cf6eca0, 0x000001d31cf6f800]  2912 bytes
stack at sp + 1 slots: 0x000001d33df4c800 is a thread
stack at sp + 2 slots: {method} {0x000001d340331218} 'aprMajorVersion' '()I' in 'io/netty/internal/tcnative/Library'
stack at sp + 3 slots: 0x0000000000200031 is an unknown value
stack at sp + 4 slots: 0x00000007171fdce0 is an oop: java.lang.String 
{0x00000007171fdce0} - klass: 'java/lang/String'
stack at sp + 5 slots: 0x000001d31cf6ed56 is at code_begin+182 in an Interpreter codelet
method entry point (kind = native)  [0x000001d31cf6eca0, 0x000001d31cf6f800]  2912 bytes
stack at sp + 6 slots: 0x0000002cec2f9b08 is pointing into the stack for thread: 0x000001d33df4c800
stack at sp + 7 slots: {method} {0x000001d340331218} 'aprMajorVersion' '()I' in 'io/netty/internal/tcnative/Library'


---------------  P R O C E S S  ---------------

Threads class SMR info:
_java_thread_list=0x000001d33b8375e0, length=32, elements={
0x000001d339c35800, 0x000001d339c03800, 0x000001d339c9f000, 0x000001d339ca1000,
0x000001d339ca6000, 0x000001d339ccc800, 0x000001d339bda800, 0x000001d339e99800,
0x000001d33a546800, 0x000001d33a549000, 0x000001d33a77e800, 0x000001d33b546800,
0x000001d33b5b7800, 0x000001d33d51e800, 0x000001d33d51f000, 0x000001d33bc9c000,
0x000001d33d4da800, 0x000001d33d902000, 0x000001d33df24800, 0x000001d33df4c800,
0x000001d339e94800, 0x000001d339e9b000, 0x000001d339e97000, 0x000001d339e98800,
0x000001d339e95800, 0x000001d339e98000, 0x000001d33dfb2800, 0x000001d33dfb3000,
0x000001d33dfb5800, 0x000001d33dfb4000, 0x000001d33dfb5000, 0x000001d33dfb6800
}

Java Threads: ( => current thread )
  0x000001d339c35800 JavaThread "Reference Handler" daemon [_thread_blocked, id=17560, stack(0x0000002cea100000,0x0000002cea200000)]
  0x000001d339c03800 JavaThread "Finalizer" daemon [_thread_blocked, id=7628, stack(0x0000002cea200000,0x0000002cea300000)]
  0x000001d339c9f000 JavaThread "Signal Dispatcher" daemon [_thread_blocked, id=14552, stack(0x0000002cea300000,0x0000002cea400000)]
  0x000001d339ca1000 JavaThread "Attach Listener" daemon [_thread_blocked, id=11796, stack(0x0000002cea400000,0x0000002cea500000)]
  0x000001d339ca6000 JavaThread "C1 CompilerThread0" daemon [_thread_blocked, id=11616, stack(0x0000002cea500000,0x0000002cea600000)]
  0x000001d339ccc800 JavaThread "Sweeper thread" daemon [_thread_blocked, id=19592, stack(0x0000002cea600000,0x0000002cea700000)]
  0x000001d339bda800 JavaThread "Common-Cleaner" daemon [_thread_blocked, id=13912, stack(0x0000002cea700000,0x0000002cea800000)]
  0x000001d339e99800 JavaThread "C1 CompilerThread1" daemon [_thread_blocked, id=13568, stack(0x0000002cea800000,0x0000002cea900000)]
  0x000001d33a546800 JavaThread "Monitor Ctrl-Break" daemon [_thread_in_native, id=12012, stack(0x0000002cea900000,0x0000002ceaa00000)]
  0x000001d33a549000 JavaThread "Service Thread" daemon [_thread_blocked, id=14012, stack(0x0000002ceaa00000,0x0000002ceab00000)]
  0x000001d33a77e800 JavaThread "RMI TCP Accept-0" daemon [_thread_in_native, id=6148, stack(0x0000002cead00000,0x0000002ceae00000)]
  0x000001d33b546800 JavaThread "RMI TCP Connection(3)-192.168.56.1" daemon [_thread_in_native, id=14820, stack(0x0000002ceb600000,0x0000002ceb700000)]
  0x000001d33b5b7800 JavaThread "RMI Scheduler(0)" daemon [_thread_blocked, id=9040, stack(0x0000002ceb700000,0x0000002ceb800000)]
  0x000001d33d51e800 JavaThread "Catalina-utility-1" [_thread_blocked, id=19092, stack(0x0000002ceb300000,0x0000002ceb400000)]
  0x000001d33d51f000 JavaThread "Catalina-utility-2" [_thread_blocked, id=8568, stack(0x0000002ceb800000,0x0000002ceb900000)]
  0x000001d33bc9c000 JavaThread "container-0" [_thread_blocked, id=14472, stack(0x0000002ceb900000,0x0000002ceba00000)]
  0x000001d33d4da800 JavaThread "mysql-cj-abandoned-connection-cleanup" daemon [_thread_blocked, id=14064, stack(0x0000002ceba00000,0x0000002cebb00000)]
  0x000001d33d902000 JavaThread "HikariPool-1 housekeeper" daemon [_thread_blocked, id=18028, stack(0x0000002cebf00000,0x0000002cec000000)]
  0x000001d33df24800 JavaThread "http-nio-8080-exec-1" daemon [_thread_blocked, id=8436, stack(0x0000002cec100000,0x0000002cec200000)]
=>0x000001d33df4c800 JavaThread "http-nio-8080-exec-2" daemon [_thread_in_native, id=8456, stack(0x0000002cec200000,0x0000002cec300000)]
  0x000001d339e94800 JavaThread "http-nio-8080-exec-3" daemon [_thread_blocked, id=15556, stack(0x0000002cec300000,0x0000002cec400000)]
  0x000001d339e9b000 JavaThread "http-nio-8080-exec-4" daemon [_thread_blocked, id=19800, stack(0x0000002cec400000,0x0000002cec500000)]
  0x000001d339e97000 JavaThread "http-nio-8080-exec-5" daemon [_thread_blocked, id=13936, stack(0x0000002cec500000,0x0000002cec600000)]
  0x000001d339e98800 JavaThread "http-nio-8080-exec-6" daemon [_thread_blocked, id=17036, stack(0x0000002cec600000,0x0000002cec700000)]
  0x000001d339e95800 JavaThread "http-nio-8080-exec-7" daemon [_thread_blocked, id=12544, stack(0x0000002cec700000,0x0000002cec800000)]
  0x000001d339e98000 JavaThread "http-nio-8080-exec-8" daemon [_thread_blocked, id=3884, stack(0x0000002cec800000,0x0000002cec900000)]
  0x000001d33dfb2800 JavaThread "http-nio-8080-exec-9" daemon [_thread_blocked, id=20120, stack(0x0000002cec900000,0x0000002ceca00000)]
  0x000001d33dfb3000 JavaThread "http-nio-8080-exec-10" daemon [_thread_blocked, id=21376, stack(0x0000002ceca00000,0x0000002cecb00000)]
  0x000001d33dfb5800 JavaThread "http-nio-8080-Poller" daemon [_thread_in_native, id=15048, stack(0x0000002cecc00000,0x0000002cecd00000)]
  0x000001d33dfb4000 JavaThread "http-nio-8080-Acceptor" daemon [_thread_in_native, id=20792, stack(0x0000002cecd00000,0x0000002cece00000)]
  0x000001d33dfb5000 JavaThread "DestroyJavaVM" [_thread_blocked, id=17984, stack(0x0000002ce9a00000,0x0000002ce9b00000)]
  0x000001d33dfb6800 JavaThread "RMI TCP Connection(idle)" daemon [_thread_blocked, id=14932, stack(0x0000002cecb00000,0x0000002cecc00000)]

Other Threads:
  0x000001d339c01800 VMThread "VM Thread" [stack: 0x0000002cea000000,0x0000002cea100000] [id=8016]
  0x000001d33acd4800 WatcherThread [stack: 0x0000002ceb200000,0x0000002ceb300000] [id=21448]
  0x000001d314c40800 GCTaskThread "GC Thread#0" [stack: 0x0000002ce9b00000,0x0000002ce9c00000] [id=12296]
  0x000001d33a780000 GCTaskThread "GC Thread#1" [stack: 0x0000002ceae00000,0x0000002ceaf00000] [id=18472]
  0x000001d33a780800 GCTaskThread "GC Thread#2" [stack: 0x0000002ceaf00000,0x0000002ceb000000] [id=8716]
  0x000001d33a781800 GCTaskThread "GC Thread#3" [stack: 0x0000002ceb000000,0x0000002ceb100000] [id=16528]
  0x000001d33a787000 GCTaskThread "GC Thread#4" [stack: 0x0000002ceb100000,0x0000002ceb200000] [id=3676]
  0x000001d33d58a000 GCTaskThread "GC Thread#5" [stack: 0x0000002cebb00000,0x0000002cebc00000] [id=13576]
  0x000001d33d6f6800 GCTaskThread "GC Thread#6" [stack: 0x0000002cebc00000,0x0000002cebd00000] [id=7896]
  0x000001d33d6f9000 GCTaskThread "GC Thread#7" [stack: 0x0000002cebd00000,0x0000002cebe00000] [id=4456]
  0x000001d314c9a800 ConcurrentGCThread "G1 Main Marker" [stack: 0x0000002ce9c00000,0x0000002ce9d00000] [id=12724]
  0x000001d314c9d000 ConcurrentGCThread "G1 Conc#0" [stack: 0x0000002ce9d00000,0x0000002ce9e00000] [id=20280]
  0x000001d33ace0000 ConcurrentGCThread "G1 Conc#1" [stack: 0x0000002ceb400000,0x0000002ceb500000] [id=1812]
  0x000001d33acdd800 ConcurrentGCThread "G1 Conc#2" [stack: 0x0000002ceb500000,0x0000002ceb600000] [id=13120]
  0x000001d33847b800 ConcurrentGCThread "G1 Refine#0" [stack: 0x0000002ce9e00000,0x0000002ce9f00000] [id=19384]
  0x000001d33847d000 ConcurrentGCThread "G1 Young RemSet Sampling" [stack: 0x0000002ce9f00000,0x0000002cea000000] [id=12756]

Threads with active compile tasks:

VM state:not at safepoint (normal execution)

VM Mutex/Monitor currently owned by a thread: None

Heap address: 0x0000000709400000, size: 3948 MB, Compressed Oops mode: Zero based, Oop shift amount: 3
Narrow klass base: 0x0000000800000000, Narrow klass shift: 0
Compressed class space size: 1073741824 Address: 0x0000000800000000

Heap:
 garbage-first heap   total 253952K, used 65074K [0x0000000709400000, 0x0000000800000000)
  region size 1024K, 47 young (48128K), 18 survivors (18432K)
 Metaspace       used 72681K, capacity 74819K, committed 74928K, reserved 1114112K
  class space    used 9549K, capacity 10431K, committed 10496K, reserved 1048576K
Heap Regions: E=young(eden), S=young(survivor), O=old, HS=humongous(starts), HC=humongous(continues), CS=collection set, F=free, A=archive, TAMS=top-at-mark-start (previous, next)
|   0|0x0000000709400000, 0x0000000709500000, 0x0000000709500000|100%|HS|  |TAMS 0x0000000709500000, 0x0000000709400000| Complete 
|   1|0x0000000709500000, 0x0000000709600000, 0x0000000709600000|100%| O|  |TAMS 0x0000000709600000, 0x0000000709500000| Untracked 
|   2|0x0000000709600000, 0x0000000709700000, 0x0000000709700000|100%| O|  |TAMS 0x0000000709700000, 0x0000000709600000| Untracked 
|   3|0x0000000709700000, 0x0000000709800000, 0x0000000709800000|100%| O|  |TAMS 0x0000000709800000, 0x0000000709700000| Untracked 
|   4|0x0000000709800000, 0x0000000709900000, 0x0000000709900000|100%| O|  |TAMS 0x0000000709900000, 0x0000000709800000| Untracked 
|   5|0x0000000709900000, 0x0000000709a00000, 0x0000000709a00000|100%| O|  |TAMS 0x0000000709a00000, 0x0000000709900000| Untracked 
|   6|0x0000000709a00000, 0x0000000709b00000, 0x0000000709b00000|100%| O|  |TAMS 0x0000000709b00000, 0x0000000709a00000| Untracked 
|   7|0x0000000709b00000, 0x0000000709c00000, 0x0000000709c00000|100%| O|  |TAMS 0x0000000709c00000, 0x0000000709b00000| Untracked 
|   8|0x0000000709c00000, 0x0000000709d00000, 0x0000000709d00000|100%| O|  |TAMS 0x0000000709d00000, 0x0000000709c00000| Untracked 
|   9|0x0000000709d00000, 0x0000000709e00000, 0x0000000709e00000|100%| O|  |TAMS 0x0000000709e00000, 0x0000000709d00000| Untracked 
|  10|0x0000000709e00000, 0x0000000709e00000, 0x0000000709f00000|  0%| F|  |TAMS 0x0000000709e00000, 0x0000000709e00000| Untracked 
|  11|0x0000000709f00000, 0x0000000709f00000, 0x000000070a000000|  0%| F|  |TAMS 0x0000000709f00000, 0x0000000709f00000| Untracked 
|  12|0x000000070a000000, 0x000000070a000000, 0x000000070a100000|  0%| F|  |TAMS 0x000000070a000000, 0x000000070a000000| Untracked 
|  13|0x000000070a100000, 0x000000070a100000, 0x000000070a200000|  0%| F|  |TAMS 0x000000070a100000, 0x000000070a100000| Untracked 
|  14|0x000000070a200000, 0x000000070a200000, 0x000000070a300000|  0%| F|  |TAMS 0x000000070a200000, 0x000000070a200000| Untracked 
|  15|0x000000070a300000, 0x000000070a400000, 0x000000070a400000|100%| O|  |TAMS 0x000000070a400000, 0x000000070a300000| Untracked 
|  16|0x000000070a400000, 0x000000070a500000, 0x000000070a500000|100%| O|  |TAMS 0x000000070a500000, 0x000000070a400000| Untracked 
|  17|0x000000070a500000, 0x000000070a600000, 0x000000070a600000|100%| O|  |TAMS 0x000000070a524c00, 0x000000070a500000| Untracked 
|  18|0x000000070a600000, 0x000000070a600000, 0x000000070a700000|  0%| F|  |TAMS 0x000000070a600000, 0x000000070a600000| Untracked 
|  19|0x000000070a700000, 0x000000070a700000, 0x000000070a800000|  0%| F|  |TAMS 0x000000070a700000, 0x000000070a700000| Untracked 
|  20|0x000000070a800000, 0x000000070a900000, 0x000000070a900000|100%| O|  |TAMS 0x000000070a800000, 0x000000070a800000| Untracked 
|  21|0x000000070a900000, 0x000000070aa00000, 0x000000070aa00000|100%| O|  |TAMS 0x000000070a900000, 0x000000070a900000| Untracked 
|  22|0x000000070aa00000, 0x000000070ab00000, 0x000000070ab00000|100%| O|  |TAMS 0x000000070aa00000, 0x000000070aa00000| Untracked 
|  23|0x000000070ab00000, 0x000000070ac00000, 0x000000070ac00000|100%| O|  |TAMS 0x000000070ab00000, 0x000000070ab00000| Untracked 
|  24|0x000000070ac00000, 0x000000070ac8ee00, 0x000000070ad00000| 55%| O|  |TAMS 0x000000070ac00000, 0x000000070ac00000| Untracked 
|  25|0x000000070ad00000, 0x000000070ad00000, 0x000000070ae00000|  0%| F|  |TAMS 0x000000070ad00000, 0x000000070ad00000| Untracked 
|  26|0x000000070ae00000, 0x000000070ae00000, 0x000000070af00000|  0%| F|  |TAMS 0x000000070ae00000, 0x000000070ae00000| Untracked 
|  27|0x000000070af00000, 0x000000070af00000, 0x000000070b000000|  0%| F|  |TAMS 0x000000070af00000, 0x000000070af00000| Untracked 
|  28|0x000000070b000000, 0x000000070b000000, 0x000000070b100000|  0%| F|  |TAMS 0x000000070b000000, 0x000000070b000000| Untracked 
|  29|0x000000070b100000, 0x000000070b100000, 0x000000070b200000|  0%| F|  |TAMS 0x000000070b100000, 0x000000070b100000| Untracked 
|  30|0x000000070b200000, 0x000000070b200000, 0x000000070b300000|  0%| F|  |TAMS 0x000000070b200000, 0x000000070b200000| Untracked 
|  31|0x000000070b300000, 0x000000070b300000, 0x000000070b400000|  0%| F|  |TAMS 0x000000070b300000, 0x000000070b300000| Untracked 
|  32|0x000000070b400000, 0x000000070b400000, 0x000000070b500000|  0%| F|  |TAMS 0x000000070b400000, 0x000000070b400000| Untracked 
|  33|0x000000070b500000, 0x000000070b500000, 0x000000070b600000|  0%| F|  |TAMS 0x000000070b500000, 0x000000070b500000| Untracked 
|  34|0x000000070b600000, 0x000000070b600000, 0x000000070b700000|  0%| F|  |TAMS 0x000000070b600000, 0x000000070b600000| Untracked 
|  35|0x000000070b700000, 0x000000070b700000, 0x000000070b800000|  0%| F|  |TAMS 0x000000070b700000, 0x000000070b700000| Untracked 
|  36|0x000000070b800000, 0x000000070b800000, 0x000000070b900000|  0%| F|  |TAMS 0x000000070b800000, 0x000000070b800000| Untracked 
|  37|0x000000070b900000, 0x000000070b900000, 0x000000070ba00000|  0%| F|  |TAMS 0x000000070b900000, 0x000000070b900000| Untracked 
|  38|0x000000070ba00000, 0x000000070ba00000, 0x000000070bb00000|  0%| F|  |TAMS 0x000000070ba00000, 0x000000070ba00000| Untracked 
|  39|0x000000070bb00000, 0x000000070bb00000, 0x000000070bc00000|  0%| F|  |TAMS 0x000000070bb00000, 0x000000070bb00000| Untracked 
|  40|0x000000070bc00000, 0x000000070bc00000, 0x000000070bd00000|  0%| F|  |TAMS 0x000000070bc00000, 0x000000070bc00000| Untracked 
|  41|0x000000070bd00000, 0x000000070bd00000, 0x000000070be00000|  0%| F|  |TAMS 0x000000070bd00000, 0x000000070bd00000| Untracked 
|  42|0x000000070be00000, 0x000000070be00000, 0x000000070bf00000|  0%| F|  |TAMS 0x000000070be00000, 0x000000070be00000| Untracked 
|  43|0x000000070bf00000, 0x000000070bf00000, 0x000000070c000000|  0%| F|  |TAMS 0x000000070bf00000, 0x000000070bf00000| Untracked 
|  44|0x000000070c000000, 0x000000070c000000, 0x000000070c100000|  0%| F|  |TAMS 0x000000070c000000, 0x000000070c000000| Untracked 
|  45|0x000000070c100000, 0x000000070c100000, 0x000000070c200000|  0%| F|  |TAMS 0x000000070c100000, 0x000000070c100000| Untracked 
|  46|0x000000070c200000, 0x000000070c200000, 0x000000070c300000|  0%| F|  |TAMS 0x000000070c200000, 0x000000070c200000| Untracked 
|  47|0x000000070c300000, 0x000000070c300000, 0x000000070c400000|  0%| F|  |TAMS 0x000000070c300000, 0x000000070c300000| Untracked 
|  48|0x000000070c400000, 0x000000070c400000, 0x000000070c500000|  0%| F|  |TAMS 0x000000070c400000, 0x000000070c400000| Untracked 
|  49|0x000000070c500000, 0x000000070c500000, 0x000000070c600000|  0%| F|  |TAMS 0x000000070c500000, 0x000000070c500000| Untracked 
|  50|0x000000070c600000, 0x000000070c600000, 0x000000070c700000|  0%| F|  |TAMS 0x000000070c600000, 0x000000070c600000| Untracked 
|  51|0x000000070c700000, 0x000000070c700000, 0x000000070c800000|  0%| F|  |TAMS 0x000000070c700000, 0x000000070c700000| Untracked 
|  52|0x000000070c800000, 0x000000070c800000, 0x000000070c900000|  0%| F|  |TAMS 0x000000070c800000, 0x000000070c800000| Untracked 
|  53|0x000000070c900000, 0x000000070c900000, 0x000000070ca00000|  0%| F|  |TAMS 0x000000070c900000, 0x000000070c900000| Untracked 
|  54|0x000000070ca00000, 0x000000070ca00000, 0x000000070cb00000|  0%| F|  |TAMS 0x000000070ca00000, 0x000000070ca00000| Untracked 
|  55|0x000000070cb00000, 0x000000070cb00000, 0x000000070cc00000|  0%| F|  |TAMS 0x000000070cb00000, 0x000000070cb00000| Untracked 
|  56|0x000000070cc00000, 0x000000070cc00000, 0x000000070cd00000|  0%| F|  |TAMS 0x000000070cc00000, 0x000000070cc00000| Untracked 
|  57|0x000000070cd00000, 0x000000070cd00000, 0x000000070ce00000|  0%| F|  |TAMS 0x000000070cd00000, 0x000000070cd00000| Untracked 
|  58|0x000000070ce00000, 0x000000070ce00000, 0x000000070cf00000|  0%| F|  |TAMS 0x000000070ce00000, 0x000000070ce00000| Untracked 
|  59|0x000000070cf00000, 0x000000070cf00000, 0x000000070d000000|  0%| F|  |TAMS 0x000000070cf00000, 0x000000070cf00000| Untracked 
|  60|0x000000070d000000, 0x000000070d000000, 0x000000070d100000|  0%| F|  |TAMS 0x000000070d000000, 0x000000070d000000| Untracked 
|  61|0x000000070d100000, 0x000000070d100000, 0x000000070d200000|  0%| F|  |TAMS 0x000000070d100000, 0x000000070d100000| Untracked 
|  62|0x000000070d200000, 0x000000070d200000, 0x000000070d300000|  0%| F|  |TAMS 0x000000070d200000, 0x000000070d200000| Untracked 
|  63|0x000000070d300000, 0x000000070d300000, 0x000000070d400000|  0%| F|  |TAMS 0x000000070d300000, 0x000000070d300000| Untracked 
|  64|0x000000070d400000, 0x000000070d400000, 0x000000070d500000|  0%| F|  |TAMS 0x000000070d400000, 0x000000070d400000| Untracked 
|  65|0x000000070d500000, 0x000000070d500000, 0x000000070d600000|  0%| F|  |TAMS 0x000000070d500000, 0x000000070d500000| Untracked 
|  66|0x000000070d600000, 0x000000070d600000, 0x000000070d700000|  0%| F|  |TAMS 0x000000070d600000, 0x000000070d600000| Untracked 
|  67|0x000000070d700000, 0x000000070d700000, 0x000000070d800000|  0%| F|  |TAMS 0x000000070d700000, 0x000000070d700000| Untracked 
|  68|0x000000070d800000, 0x000000070d800000, 0x000000070d900000|  0%| F|  |TAMS 0x000000070d800000, 0x000000070d800000| Untracked 
|  69|0x000000070d900000, 0x000000070d900000, 0x000000070da00000|  0%| F|  |TAMS 0x000000070d900000, 0x000000070d900000| Untracked 
|  70|0x000000070da00000, 0x000000070da00000, 0x000000070db00000|  0%| F|  |TAMS 0x000000070da00000, 0x000000070da00000| Untracked 
|  71|0x000000070db00000, 0x000000070db00000, 0x000000070dc00000|  0%| F|  |TAMS 0x000000070db00000, 0x000000070db00000| Untracked 
|  72|0x000000070dc00000, 0x000000070dc00000, 0x000000070dd00000|  0%| F|  |TAMS 0x000000070dc00000, 0x000000070dc00000| Untracked 
|  73|0x000000070dd00000, 0x000000070dd00000, 0x000000070de00000|  0%| F|  |TAMS 0x000000070dd00000, 0x000000070dd00000| Untracked 
|  74|0x000000070de00000, 0x000000070de00000, 0x000000070df00000|  0%| F|  |TAMS 0x000000070de00000, 0x000000070de00000| Untracked 
|  75|0x000000070df00000, 0x000000070df00000, 0x000000070e000000|  0%| F|  |TAMS 0x000000070df00000, 0x000000070df00000| Untracked 
|  76|0x000000070e000000, 0x000000070e000000, 0x000000070e100000|  0%| F|  |TAMS 0x000000070e000000, 0x000000070e000000| Untracked 
|  77|0x000000070e100000, 0x000000070e100000, 0x000000070e200000|  0%| F|  |TAMS 0x000000070e100000, 0x000000070e100000| Untracked 
|  78|0x000000070e200000, 0x000000070e200000, 0x000000070e300000|  0%| F|  |TAMS 0x000000070e200000, 0x000000070e200000| Untracked 
|  79|0x000000070e300000, 0x000000070e300000, 0x000000070e400000|  0%| F|  |TAMS 0x000000070e300000, 0x000000070e300000| Untracked 
|  80|0x000000070e400000, 0x000000070e400000, 0x000000070e500000|  0%| F|  |TAMS 0x000000070e400000, 0x000000070e400000| Untracked 
|  81|0x000000070e500000, 0x000000070e500000, 0x000000070e600000|  0%| F|  |TAMS 0x000000070e500000, 0x000000070e500000| Untracked 
|  82|0x000000070e600000, 0x000000070e6fdde8, 0x000000070e700000| 99%| S|CS|TAMS 0x000000070e600000, 0x000000070e600000| Complete 
|  83|0x000000070e700000, 0x000000070e800000, 0x000000070e800000|100%| S|CS|TAMS 0x000000070e700000, 0x000000070e700000| Complete 
|  84|0x000000070e800000, 0x000000070e800000, 0x000000070e900000|  0%| F|  |TAMS 0x000000070e800000, 0x000000070e800000| Untracked 
|  85|0x000000070e900000, 0x000000070e900000, 0x000000070ea00000|  0%| F|  |TAMS 0x000000070e900000, 0x000000070e900000| Untracked 
|  86|0x000000070ea00000, 0x000000070ea00000, 0x000000070eb00000|  0%| F|  |TAMS 0x000000070ea00000, 0x000000070ea00000| Untracked 
|  87|0x000000070eb00000, 0x000000070eb00000, 0x000000070ec00000|  0%| F|  |TAMS 0x000000070eb00000, 0x000000070eb00000| Untracked 
|  88|0x000000070ec00000, 0x000000070ec00000, 0x000000070ed00000|  0%| F|  |TAMS 0x000000070ec00000, 0x000000070ec00000| Untracked 
|  89|0x000000070ed00000, 0x000000070ed00000, 0x000000070ee00000|  0%| F|  |TAMS 0x000000070ed00000, 0x000000070ed00000| Untracked 
|  90|0x000000070ee00000, 0x000000070ee00000, 0x000000070ef00000|  0%| F|  |TAMS 0x000000070ee00000, 0x000000070ee00000| Untracked 
|  91|0x000000070ef00000, 0x000000070ef00000, 0x000000070f000000|  0%| F|  |TAMS 0x000000070ef00000, 0x000000070ef00000| Untracked 
|  92|0x000000070f000000, 0x000000070f000000, 0x000000070f100000|  0%| F|  |TAMS 0x000000070f000000, 0x000000070f000000| Untracked 
|  93|0x000000070f100000, 0x000000070f100000, 0x000000070f200000|  0%| F|  |TAMS 0x000000070f100000, 0x000000070f100000| Untracked 
|  94|0x000000070f200000, 0x000000070f200000, 0x000000070f300000|  0%| F|  |TAMS 0x000000070f200000, 0x000000070f200000| Untracked 
|  95|0x000000070f300000, 0x000000070f300000, 0x000000070f400000|  0%| F|  |TAMS 0x000000070f300000, 0x000000070f300000| Untracked 
|  96|0x000000070f400000, 0x000000070f400000, 0x000000070f500000|  0%| F|  |TAMS 0x000000070f400000, 0x000000070f400000| Untracked 
|  97|0x000000070f500000, 0x000000070f500000, 0x000000070f600000|  0%| F|  |TAMS 0x000000070f500000, 0x000000070f500000| Untracked 
|  98|0x000000070f600000, 0x000000070f600000, 0x000000070f700000|  0%| F|  |TAMS 0x000000070f600000, 0x000000070f600000| Untracked 
|  99|0x000000070f700000, 0x000000070f700000, 0x000000070f800000|  0%| F|  |TAMS 0x000000070f700000, 0x000000070f700000| Untracked 
| 100|0x000000070f800000, 0x000000070f900000, 0x000000070f900000|100%| S|CS|TAMS 0x000000070f800000, 0x000000070f800000| Complete 
| 101|0x000000070f900000, 0x000000070fa00000, 0x000000070fa00000|100%| S|CS|TAMS 0x000000070f900000, 0x000000070f900000| Complete 
| 102|0x000000070fa00000, 0x000000070fb00000, 0x000000070fb00000|100%| S|CS|TAMS 0x000000070fa00000, 0x000000070fa00000| Complete 
| 103|0x000000070fb00000, 0x000000070fc00000, 0x000000070fc00000|100%| S|CS|TAMS 0x000000070fb00000, 0x000000070fb00000| Complete 
| 104|0x000000070fc00000, 0x000000070fd00000, 0x000000070fd00000|100%| S|CS|TAMS 0x000000070fc00000, 0x000000070fc00000| Complete 
| 105|0x000000070fd00000, 0x000000070fe00000, 0x000000070fe00000|100%| S|CS|TAMS 0x000000070fd00000, 0x000000070fd00000| Complete 
| 106|0x000000070fe00000, 0x000000070ff00000, 0x000000070ff00000|100%| S|CS|TAMS 0x000000070fe00000, 0x000000070fe00000| Complete 
| 107|0x000000070ff00000, 0x0000000710000000, 0x0000000710000000|100%| S|CS|TAMS 0x000000070ff00000, 0x000000070ff00000| Complete 
| 108|0x0000000710000000, 0x0000000710100000, 0x0000000710100000|100%| S|CS|TAMS 0x0000000710000000, 0x0000000710000000| Complete 
| 109|0x0000000710100000, 0x0000000710200000, 0x0000000710200000|100%| S|CS|TAMS 0x0000000710100000, 0x0000000710100000| Complete 
| 110|0x0000000710200000, 0x0000000710300000, 0x0000000710300000|100%| S|CS|TAMS 0x0000000710200000, 0x0000000710200000| Complete 
| 111|0x0000000710300000, 0x0000000710400000, 0x0000000710400000|100%| S|CS|TAMS 0x0000000710300000, 0x0000000710300000| Complete 
| 112|0x0000000710400000, 0x0000000710500000, 0x0000000710500000|100%| S|CS|TAMS 0x0000000710400000, 0x0000000710400000| Complete 
| 113|0x0000000710500000, 0x0000000710600000, 0x0000000710600000|100%| S|CS|TAMS 0x0000000710500000, 0x0000000710500000| Complete 
| 114|0x0000000710600000, 0x0000000710700000, 0x0000000710700000|100%| S|CS|TAMS 0x0000000710600000, 0x0000000710600000| Complete 
| 115|0x0000000710700000, 0x0000000710800000, 0x0000000710800000|100%| S|CS|TAMS 0x0000000710700000, 0x0000000710700000| Complete 
| 116|0x0000000710800000, 0x0000000710800000, 0x0000000710900000|  0%| F|  |TAMS 0x0000000710800000, 0x0000000710800000| Untracked 
| 117|0x0000000710900000, 0x0000000710900000, 0x0000000710a00000|  0%| F|  |TAMS 0x0000000710900000, 0x0000000710900000| Untracked 
| 118|0x0000000710a00000, 0x0000000710a00000, 0x0000000710b00000|  0%| F|  |TAMS 0x0000000710a00000, 0x0000000710a00000| Untracked 
| 119|0x0000000710b00000, 0x0000000710b00000, 0x0000000710c00000|  0%| F|  |TAMS 0x0000000710b00000, 0x0000000710b00000| Untracked 
| 120|0x0000000710c00000, 0x0000000710c00000, 0x0000000710d00000|  0%| F|  |TAMS 0x0000000710c00000, 0x0000000710c00000| Untracked 
| 121|0x0000000710d00000, 0x0000000710d00000, 0x0000000710e00000|  0%| F|  |TAMS 0x0000000710d00000, 0x0000000710d00000| Untracked 
| 122|0x0000000710e00000, 0x0000000710e00000, 0x0000000710f00000|  0%| F|  |TAMS 0x0000000710e00000, 0x0000000710e00000| Untracked 
| 123|0x0000000710f00000, 0x0000000710f00000, 0x0000000711000000|  0%| F|  |TAMS 0x0000000710f00000, 0x0000000710f00000| Untracked 
| 124|0x0000000711000000, 0x0000000711000000, 0x0000000711100000|  0%| F|  |TAMS 0x0000000711000000, 0x0000000711000000| Untracked 
| 125|0x0000000711100000, 0x0000000711100000, 0x0000000711200000|  0%| F|  |TAMS 0x0000000711100000, 0x0000000711100000| Untracked 
| 126|0x0000000711200000, 0x0000000711200000, 0x0000000711300000|  0%| F|  |TAMS 0x0000000711200000, 0x0000000711200000| Untracked 
| 127|0x0000000711300000, 0x0000000711300000, 0x0000000711400000|  0%| F|  |TAMS 0x0000000711300000, 0x0000000711300000| Untracked 
| 128|0x0000000711400000, 0x0000000711400000, 0x0000000711500000|  0%| F|  |TAMS 0x0000000711400000, 0x0000000711400000| Untracked 
| 129|0x0000000711500000, 0x0000000711500000, 0x0000000711600000|  0%| F|  |TAMS 0x0000000711500000, 0x0000000711500000| Untracked 
| 130|0x0000000711600000, 0x0000000711600000, 0x0000000711700000|  0%| F|  |TAMS 0x0000000711600000, 0x0000000711600000| Untracked 
| 131|0x0000000711700000, 0x0000000711700000, 0x0000000711800000|  0%| F|  |TAMS 0x0000000711700000, 0x0000000711700000| Untracked 
| 132|0x0000000711800000, 0x0000000711800000, 0x0000000711900000|  0%| F|  |TAMS 0x0000000711800000, 0x0000000711800000| Untracked 
| 133|0x0000000711900000, 0x0000000711900000, 0x0000000711a00000|  0%| F|  |TAMS 0x0000000711900000, 0x0000000711900000| Untracked 
| 134|0x0000000711a00000, 0x0000000711a00000, 0x0000000711b00000|  0%| F|  |TAMS 0x0000000711a00000, 0x0000000711a00000| Untracked 
| 135|0x0000000711b00000, 0x0000000711b00000, 0x0000000711c00000|  0%| F|  |TAMS 0x0000000711b00000, 0x0000000711b00000| Untracked 
| 136|0x0000000711c00000, 0x0000000711c00000, 0x0000000711d00000|  0%| F|  |TAMS 0x0000000711c00000, 0x0000000711c00000| Untracked 
| 137|0x0000000711d00000, 0x0000000711d00000, 0x0000000711e00000|  0%| F|  |TAMS 0x0000000711d00000, 0x0000000711d00000| Untracked 
| 138|0x0000000711e00000, 0x0000000711e00000, 0x0000000711f00000|  0%| F|  |TAMS 0x0000000711e00000, 0x0000000711e00000| Untracked 
| 139|0x0000000711f00000, 0x0000000711f00000, 0x0000000712000000|  0%| F|  |TAMS 0x0000000711f00000, 0x0000000711f00000| Untracked 
| 140|0x0000000712000000, 0x0000000712000000, 0x0000000712100000|  0%| F|  |TAMS 0x0000000712000000, 0x0000000712000000| Untracked 
| 141|0x0000000712100000, 0x0000000712100000, 0x0000000712200000|  0%| F|  |TAMS 0x0000000712100000, 0x0000000712100000| Untracked 
| 142|0x0000000712200000, 0x0000000712200000, 0x0000000712300000|  0%| F|  |TAMS 0x0000000712200000, 0x0000000712200000| Untracked 
| 143|0x0000000712300000, 0x0000000712300000, 0x0000000712400000|  0%| F|  |TAMS 0x0000000712300000, 0x0000000712300000| Untracked 
| 144|0x0000000712400000, 0x0000000712400000, 0x0000000712500000|  0%| F|  |TAMS 0x0000000712400000, 0x0000000712400000| Untracked 
| 145|0x0000000712500000, 0x0000000712500000, 0x0000000712600000|  0%| F|  |TAMS 0x0000000712500000, 0x0000000712500000| Untracked 
| 146|0x0000000712600000, 0x0000000712600000, 0x0000000712700000|  0%| F|  |TAMS 0x0000000712600000, 0x0000000712600000| Untracked 
| 147|0x0000000712700000, 0x0000000712700000, 0x0000000712800000|  0%| F|  |TAMS 0x0000000712700000, 0x0000000712700000| Untracked 
| 148|0x0000000712800000, 0x0000000712800000, 0x0000000712900000|  0%| F|  |TAMS 0x0000000712800000, 0x0000000712800000| Untracked 
| 149|0x0000000712900000, 0x0000000712900000, 0x0000000712a00000|  0%| F|  |TAMS 0x0000000712900000, 0x0000000712900000| Untracked 
| 150|0x0000000712a00000, 0x0000000712a00000, 0x0000000712b00000|  0%| F|  |TAMS 0x0000000712a00000, 0x0000000712a00000| Untracked 
| 151|0x0000000712b00000, 0x0000000712b00000, 0x0000000712c00000|  0%| F|  |TAMS 0x0000000712b00000, 0x0000000712b00000| Untracked 
| 152|0x0000000712c00000, 0x0000000712c00000, 0x0000000712d00000|  0%| F|  |TAMS 0x0000000712c00000, 0x0000000712c00000| Untracked 
| 153|0x0000000712d00000, 0x0000000712d00000, 0x0000000712e00000|  0%| F|  |TAMS 0x0000000712d00000, 0x0000000712d00000| Untracked 
| 154|0x0000000712e00000, 0x0000000712e00000, 0x0000000712f00000|  0%| F|  |TAMS 0x0000000712e00000, 0x0000000712e00000| Untracked 
| 155|0x0000000712f00000, 0x0000000712f00000, 0x0000000713000000|  0%| F|  |TAMS 0x0000000712f00000, 0x0000000712f00000| Untracked 
| 156|0x0000000713000000, 0x0000000713000000, 0x0000000713100000|  0%| F|  |TAMS 0x0000000713000000, 0x0000000713000000| Untracked 
| 157|0x0000000713100000, 0x0000000713100000, 0x0000000713200000|  0%| F|  |TAMS 0x0000000713100000, 0x0000000713100000| Untracked 
| 158|0x0000000713200000, 0x0000000713200000, 0x0000000713300000|  0%| F|  |TAMS 0x0000000713200000, 0x0000000713200000| Untracked 
| 159|0x0000000713300000, 0x0000000713300000, 0x0000000713400000|  0%| F|  |TAMS 0x0000000713300000, 0x0000000713300000| Untracked 
| 160|0x0000000713400000, 0x0000000713400000, 0x0000000713500000|  0%| F|  |TAMS 0x0000000713400000, 0x0000000713400000| Untracked 
| 161|0x0000000713500000, 0x0000000713500000, 0x0000000713600000|  0%| F|  |TAMS 0x0000000713500000, 0x0000000713500000| Untracked 
| 162|0x0000000713600000, 0x0000000713600000, 0x0000000713700000|  0%| F|  |TAMS 0x0000000713600000, 0x0000000713600000| Untracked 
| 163|0x0000000713700000, 0x0000000713700000, 0x0000000713800000|  0%| F|  |TAMS 0x0000000713700000, 0x0000000713700000| Untracked 
| 164|0x0000000713800000, 0x0000000713800000, 0x0000000713900000|  0%| F|  |TAMS 0x0000000713800000, 0x0000000713800000| Untracked 
| 165|0x0000000713900000, 0x0000000713900000, 0x0000000713a00000|  0%| F|  |TAMS 0x0000000713900000, 0x0000000713900000| Untracked 
| 166|0x0000000713a00000, 0x0000000713a00000, 0x0000000713b00000|  0%| F|  |TAMS 0x0000000713a00000, 0x0000000713a00000| Untracked 
| 167|0x0000000713b00000, 0x0000000713b00000, 0x0000000713c00000|  0%| F|  |TAMS 0x0000000713b00000, 0x0000000713b00000| Untracked 
| 168|0x0000000713c00000, 0x0000000713c00000, 0x0000000713d00000|  0%| F|  |TAMS 0x0000000713c00000, 0x0000000713c00000| Untracked 
| 169|0x0000000713d00000, 0x0000000713d00000, 0x0000000713e00000|  0%| F|  |TAMS 0x0000000713d00000, 0x0000000713d00000| Untracked 
| 170|0x0000000713e00000, 0x0000000713e00000, 0x0000000713f00000|  0%| F|  |TAMS 0x0000000713e00000, 0x0000000713e00000| Untracked 
| 171|0x0000000713f00000, 0x0000000713f00000, 0x0000000714000000|  0%| F|  |TAMS 0x0000000713f00000, 0x0000000713f00000| Untracked 
| 172|0x0000000714000000, 0x0000000714000000, 0x0000000714100000|  0%| F|  |TAMS 0x0000000714000000, 0x0000000714000000| Untracked 
| 173|0x0000000714100000, 0x0000000714100000, 0x0000000714200000|  0%| F|  |TAMS 0x0000000714100000, 0x0000000714100000| Untracked 
| 174|0x0000000714200000, 0x0000000714200000, 0x0000000714300000|  0%| F|  |TAMS 0x0000000714200000, 0x0000000714200000| Untracked 
| 175|0x0000000714300000, 0x0000000714300000, 0x0000000714400000|  0%| F|  |TAMS 0x0000000714300000, 0x0000000714300000| Untracked 
| 176|0x0000000714400000, 0x0000000714400000, 0x0000000714500000|  0%| F|  |TAMS 0x0000000714400000, 0x0000000714400000| Untracked 
| 177|0x0000000714500000, 0x0000000714500000, 0x0000000714600000|  0%| F|  |TAMS 0x0000000714500000, 0x0000000714500000| Untracked 
| 178|0x0000000714600000, 0x0000000714600000, 0x0000000714700000|  0%| F|  |TAMS 0x0000000714600000, 0x0000000714600000| Untracked 
| 179|0x0000000714700000, 0x0000000714700000, 0x0000000714800000|  0%| F|  |TAMS 0x0000000714700000, 0x0000000714700000| Untracked 
| 180|0x0000000714800000, 0x0000000714800000, 0x0000000714900000|  0%| F|  |TAMS 0x0000000714800000, 0x0000000714800000| Untracked 
| 181|0x0000000714900000, 0x0000000714900000, 0x0000000714a00000|  0%| F|  |TAMS 0x0000000714900000, 0x0000000714900000| Untracked 
| 182|0x0000000714a00000, 0x0000000714a00000, 0x0000000714b00000|  0%| F|  |TAMS 0x0000000714a00000, 0x0000000714a00000| Untracked 
| 183|0x0000000714b00000, 0x0000000714b00000, 0x0000000714c00000|  0%| F|  |TAMS 0x0000000714b00000, 0x0000000714b00000| Untracked 
| 184|0x0000000714c00000, 0x0000000714c00000, 0x0000000714d00000|  0%| F|  |TAMS 0x0000000714c00000, 0x0000000714c00000| Untracked 
| 185|0x0000000714d00000, 0x0000000714d00000, 0x0000000714e00000|  0%| F|  |TAMS 0x0000000714d00000, 0x0000000714d00000| Untracked 
| 186|0x0000000714e00000, 0x0000000714e00000, 0x0000000714f00000|  0%| F|  |TAMS 0x0000000714e00000, 0x0000000714e00000| Untracked 
| 187|0x0000000714f00000, 0x0000000714f00000, 0x0000000715000000|  0%| F|  |TAMS 0x0000000714f00000, 0x0000000714f00000| Untracked 
| 188|0x0000000715000000, 0x0000000715000000, 0x0000000715100000|  0%| F|  |TAMS 0x0000000715000000, 0x0000000715000000| Untracked 
| 189|0x0000000715100000, 0x0000000715100000, 0x0000000715200000|  0%| F|  |TAMS 0x0000000715100000, 0x0000000715100000| Untracked 
| 190|0x0000000715200000, 0x0000000715200000, 0x0000000715300000|  0%| F|  |TAMS 0x0000000715200000, 0x0000000715200000| Untracked 
| 191|0x0000000715300000, 0x0000000715300000, 0x0000000715400000|  0%| F|  |TAMS 0x0000000715300000, 0x0000000715300000| Untracked 
| 192|0x0000000715400000, 0x0000000715400000, 0x0000000715500000|  0%| F|  |TAMS 0x0000000715400000, 0x0000000715400000| Untracked 
| 193|0x0000000715500000, 0x0000000715500000, 0x0000000715600000|  0%| F|  |TAMS 0x0000000715500000, 0x0000000715500000| Untracked 
| 194|0x0000000715600000, 0x0000000715600000, 0x0000000715700000|  0%| F|  |TAMS 0x0000000715600000, 0x0000000715600000| Untracked 
| 195|0x0000000715700000, 0x0000000715700000, 0x0000000715800000|  0%| F|  |TAMS 0x0000000715700000, 0x0000000715700000| Untracked 
| 196|0x0000000715800000, 0x0000000715800000, 0x0000000715900000|  0%| F|  |TAMS 0x0000000715800000, 0x0000000715800000| Untracked 
| 197|0x0000000715900000, 0x0000000715900000, 0x0000000715a00000|  0%| F|  |TAMS 0x0000000715900000, 0x0000000715900000| Untracked 
| 198|0x0000000715a00000, 0x0000000715a00000, 0x0000000715b00000|  0%| F|  |TAMS 0x0000000715a00000, 0x0000000715a00000| Untracked 
| 199|0x0000000715b00000, 0x0000000715b00000, 0x0000000715c00000|  0%| F|  |TAMS 0x0000000715b00000, 0x0000000715b00000| Untracked 
| 200|0x0000000715c00000, 0x0000000715c00000, 0x0000000715d00000|  0%| F|  |TAMS 0x0000000715c00000, 0x0000000715c00000| Untracked 
| 201|0x0000000715d00000, 0x0000000715d00000, 0x0000000715e00000|  0%| F|  |TAMS 0x0000000715d00000, 0x0000000715d00000| Untracked 
| 202|0x0000000715e00000, 0x0000000715e00000, 0x0000000715f00000|  0%| F|  |TAMS 0x0000000715e00000, 0x0000000715e00000| Untracked 
| 203|0x0000000715f00000, 0x0000000715f00000, 0x0000000716000000|  0%| F|  |TAMS 0x0000000715f00000, 0x0000000715f00000| Untracked 
| 204|0x0000000716000000, 0x0000000716000000, 0x0000000716100000|  0%| F|  |TAMS 0x0000000716000000, 0x0000000716000000| Untracked 
| 205|0x0000000716100000, 0x0000000716100000, 0x0000000716200000|  0%| F|  |TAMS 0x0000000716100000, 0x0000000716100000| Untracked 
| 206|0x0000000716200000, 0x0000000716200000, 0x0000000716300000|  0%| F|  |TAMS 0x0000000716200000, 0x0000000716200000| Untracked 
| 207|0x0000000716300000, 0x0000000716300000, 0x0000000716400000|  0%| F|  |TAMS 0x0000000716300000, 0x0000000716300000| Untracked 
| 208|0x0000000716400000, 0x0000000716400000, 0x0000000716500000|  0%| F|  |TAMS 0x0000000716400000, 0x0000000716400000| Untracked 
| 209|0x0000000716500000, 0x0000000716500000, 0x0000000716600000|  0%| F|  |TAMS 0x0000000716500000, 0x0000000716500000| Untracked 
| 210|0x0000000716600000, 0x0000000716600000, 0x0000000716700000|  0%| F|  |TAMS 0x0000000716600000, 0x0000000716600000| Untracked 
| 211|0x0000000716700000, 0x0000000716700000, 0x0000000716800000|  0%| F|  |TAMS 0x0000000716700000, 0x0000000716700000| Untracked 
| 212|0x0000000716800000, 0x0000000716800000, 0x0000000716900000|  0%| F|  |TAMS 0x0000000716800000, 0x0000000716800000| Untracked 
| 213|0x0000000716900000, 0x0000000716900000, 0x0000000716a00000|  0%| F|  |TAMS 0x0000000716900000, 0x0000000716900000| Untracked 
| 214|0x0000000716a00000, 0x0000000716a00000, 0x0000000716b00000|  0%| F|  |TAMS 0x0000000716a00000, 0x0000000716a00000| Untracked 
| 215|0x0000000716b00000, 0x0000000716b00000, 0x0000000716c00000|  0%| F|  |TAMS 0x0000000716b00000, 0x0000000716b00000| Untracked 
| 216|0x0000000716c00000, 0x0000000716c00000, 0x0000000716d00000|  0%| F|  |TAMS 0x0000000716c00000, 0x0000000716c00000| Untracked 
| 217|0x0000000716d00000, 0x0000000716d00000, 0x0000000716e00000|  0%| F|  |TAMS 0x0000000716d00000, 0x0000000716d00000| Untracked 
| 218|0x0000000716e00000, 0x0000000716e00000, 0x0000000716f00000|  0%| F|  |TAMS 0x0000000716e00000, 0x0000000716e00000| Untracked 
| 219|0x0000000716f00000, 0x0000000716fb00c8, 0x0000000717000000| 68%| E|  |TAMS 0x0000000716f00000, 0x0000000716f00000| Complete 
| 220|0x0000000717000000, 0x0000000717100000, 0x0000000717100000|100%| E|CS|TAMS 0x0000000717000000, 0x0000000717000000| Complete 
| 221|0x0000000717100000, 0x0000000717200000, 0x0000000717200000|100%| E|CS|TAMS 0x0000000717100000, 0x0000000717100000| Complete 
| 222|0x0000000717200000, 0x0000000717300000, 0x0000000717300000|100%| E|CS|TAMS 0x0000000717200000, 0x0000000717200000| Complete 
| 223|0x0000000717300000, 0x0000000717400000, 0x0000000717400000|100%| E|CS|TAMS 0x0000000717300000, 0x0000000717300000| Complete 
| 224|0x0000000717400000, 0x0000000717500000, 0x0000000717500000|100%| E|CS|TAMS 0x0000000717400000, 0x0000000717400000| Complete 
| 225|0x0000000717500000, 0x0000000717600000, 0x0000000717600000|100%| E|CS|TAMS 0x0000000717500000, 0x0000000717500000| Complete 
| 226|0x0000000717600000, 0x0000000717700000, 0x0000000717700000|100%| E|CS|TAMS 0x0000000717600000, 0x0000000717600000| Complete 
| 227|0x0000000717700000, 0x0000000717800000, 0x0000000717800000|100%| E|CS|TAMS 0x0000000717700000, 0x0000000717700000| Complete 
| 228|0x0000000717800000, 0x0000000717900000, 0x0000000717900000|100%| E|CS|TAMS 0x0000000717800000, 0x0000000717800000| Complete 
| 229|0x0000000717900000, 0x0000000717a00000, 0x0000000717a00000|100%| E|CS|TAMS 0x0000000717900000, 0x0000000717900000| Complete 
| 230|0x0000000717a00000, 0x0000000717b00000, 0x0000000717b00000|100%| E|CS|TAMS 0x0000000717a00000, 0x0000000717a00000| Complete 
| 231|0x0000000717b00000, 0x0000000717c00000, 0x0000000717c00000|100%| E|CS|TAMS 0x0000000717b00000, 0x0000000717b00000| Complete 
| 232|0x0000000717c00000, 0x0000000717d00000, 0x0000000717d00000|100%| E|CS|TAMS 0x0000000717c00000, 0x0000000717c00000| Complete 
| 233|0x0000000717d00000, 0x0000000717e00000, 0x0000000717e00000|100%| E|CS|TAMS 0x0000000717d00000, 0x0000000717d00000| Complete 
| 234|0x0000000717e00000, 0x0000000717f00000, 0x0000000717f00000|100%| E|CS|TAMS 0x0000000717e00000, 0x0000000717e00000| Complete 
| 235|0x0000000717f00000, 0x0000000718000000, 0x0000000718000000|100%| E|CS|TAMS 0x0000000717f00000, 0x0000000717f00000| Complete 
| 236|0x0000000718000000, 0x0000000718100000, 0x0000000718100000|100%| E|CS|TAMS 0x0000000718000000, 0x0000000718000000| Complete 
| 237|0x0000000718100000, 0x0000000718200000, 0x0000000718200000|100%| E|CS|TAMS 0x0000000718100000, 0x0000000718100000| Complete 
| 238|0x0000000718200000, 0x0000000718300000, 0x0000000718300000|100%| E|CS|TAMS 0x0000000718200000, 0x0000000718200000| Complete 
| 239|0x0000000718300000, 0x0000000718400000, 0x0000000718400000|100%| E|CS|TAMS 0x0000000718300000, 0x0000000718300000| Complete 
| 240|0x0000000718400000, 0x0000000718500000, 0x0000000718500000|100%| E|CS|TAMS 0x0000000718400000, 0x0000000718400000| Complete 
| 241|0x0000000718500000, 0x0000000718600000, 0x0000000718600000|100%| E|CS|TAMS 0x0000000718500000, 0x0000000718500000| Complete 
| 242|0x0000000718600000, 0x0000000718700000, 0x0000000718700000|100%| E|CS|TAMS 0x0000000718600000, 0x0000000718600000| Complete 
| 243|0x0000000718700000, 0x0000000718800000, 0x0000000718800000|100%| E|CS|TAMS 0x0000000718700000, 0x0000000718700000| Complete 
| 244|0x0000000718800000, 0x0000000718900000, 0x0000000718900000|100%| E|CS|TAMS 0x0000000718800000, 0x0000000718800000| Complete 
| 245|0x0000000718900000, 0x0000000718a00000, 0x0000000718a00000|100%| E|CS|TAMS 0x0000000718900000, 0x0000000718900000| Complete 
| 246|0x0000000718a00000, 0x0000000718b00000, 0x0000000718b00000|100%| E|CS|TAMS 0x0000000718a00000, 0x0000000718a00000| Complete 
| 247|0x0000000718b00000, 0x0000000718c00000, 0x0000000718c00000|100%| E|CS|TAMS 0x0000000718b00000, 0x0000000718b00000| Complete 

Card table byte_map: [0x000001d32d6c0000,0x000001d32de80000] _byte_map_base: 0x000001d329e76000

Marking Bits (Prev, Next): (CMBitMap*) 0x000001d314c8a5e0, (CMBitMap*) 0x000001d314c8a5a8
 Prev Bits: [0x000001d3323f0000, 0x000001d3361a0000)
 Next Bits: [0x000001d32e640000, 0x000001d3323f0000)

Polling page: 0x000001d314b80000

Metaspace:

Usage:
  Non-class:     62.88 MB capacity,    61.65 MB ( 98%) used,   996.58 KB (  2%) free+waste,   259.25 KB ( <1%) overhead. 
      Class:     10.19 MB capacity,     9.33 MB ( 92%) used,   754.34 KB (  7%) free+waste,   127.25 KB (  1%) overhead. 
       Both:     73.07 MB capacity,    70.98 MB ( 97%) used,     1.71 MB (  2%) free+waste,   386.50 KB ( <1%) overhead. 

Virtual space:
  Non-class space:       64.00 MB reserved,      62.92 MB ( 98%) committed 
      Class space:        1.00 GB reserved,      10.25 MB (  1%) committed 
             Both:        1.06 GB reserved,      73.17 MB (  7%) committed 

Chunk freelists:
   Non-Class:  5.50 KB
       Class:  128 bytes
        Both:  5.63 KB

CodeHeap 'non-profiled nmethods': size=233856Kb used=10414Kb max_used=10414Kb free=223441Kb
 bounds [0x000001d31db00000, 0x000001d31e530000, 0x000001d32bf60000]
CodeHeap 'non-nmethods': size=11904Kb used=1841Kb max_used=2944Kb free=10062Kb
 bounds [0x000001d31cf60000, 0x000001d31d240000, 0x000001d31db00000]
 total_blobs=6862 nmethods=6136 adapters=582
 compilation: enabled
              stopped_count=0, restarted_count=0
 full_count=0

Compilation events (10 events):
Event: 16.747 Thread 0x000001d339ca6000 nmethod 6178 0x000001d31e52a410 code [0x000001d31e52a600, 0x000001d31e52a8e0]
Event: 16.747 Thread 0x000001d339ca6000 6182   !   1       java.lang.ClassLoader$2::run (25 bytes)
Event: 16.747 Thread 0x000001d339ca6000 nmethod 6182 0x000001d31e52aa10 code [0x000001d31e52ac20, 0x000001d31e52af10]
Event: 16.747 Thread 0x000001d339e99800 nmethod 6181 0x000001d31e52b190 code [0x000001d31e52b3a0, 0x000001d31e52b690]
Event: 16.764 Thread 0x000001d339ca6000 6183       1       java.io.FileDescriptor$1::getAppend (5 bytes)
Event: 16.764 Thread 0x000001d339ca6000 nmethod 6183 0x000001d31e52b910 code [0x000001d31e52bac0, 0x000001d31e52bbd8]
Event: 16.766 Thread 0x000001d339e99800 6184       1       java.io.FilterInputStream::read (9 bytes)
Event: 16.766 Thread 0x000001d339e99800 nmethod 6184 0x000001d31e52bc90 code [0x000001d31e52be40, 0x000001d31e52bf90]
Event: 16.769 Thread 0x000001d339ca6000 6185       1       java.io.FileOutputStream::write (20 bytes)
Event: 16.769 Thread 0x000001d339ca6000 nmethod 6185 0x000001d31e52c510 code [0x000001d31e52c6c0, 0x000001d31e52c810]

GC Heap History (10 events):
Event: 4.468 GC heap before
{Heap before GC invocations=4 (full 0):
 garbage-first heap   total 253952K, used 103566K [0x0000000709400000, 0x0000000800000000)
  region size 1024K, 93 young (95232K), 5 survivors (5120K)
 Metaspace       used 28727K, capacity 29682K, committed 29744K, reserved 1075200K
  class space    used 3573K, capacity 3948K, committed 3968K, reserved 1048576K
}
Event: 4.473 GC heap after
{Heap after GC invocations=5 (full 0):
 garbage-first heap   total 253952K, used 16102K [0x0000000709400000, 0x0000000800000000)
  region size 1024K, 7 young (7168K), 7 survivors (7168K)
 Metaspace       used 28727K, capacity 29682K, committed 29744K, reserved 1075200K
  class space    used 3573K, capacity 3948K, committed 3968K, reserved 1048576K
}
Event: 5.348 GC heap before
{Heap before GC invocations=5 (full 0):
 garbage-first heap   total 253952K, used 83686K [0x0000000709400000, 0x0000000800000000)
  region size 1024K, 74 young (75776K), 7 survivors (7168K)
 Metaspace       used 34596K, capacity 35832K, committed 35888K, reserved 1081344K
  class space    used 4470K, capacity 4969K, committed 4992K, reserved 1048576K
}
Event: 5.357 GC heap after
{Heap after GC invocations=6 (full 0):
 garbage-first heap   total 253952K, used 19491K [0x0000000709400000, 0x0000000800000000)
  region size 1024K, 10 young (10240K), 10 survivors (10240K)
 Metaspace       used 34596K, capacity 35832K, committed 35888K, reserved 1081344K
  class space    used 4470K, capacity 4969K, committed 4992K, reserved 1048576K
}
Event: 6.241 GC heap before
{Heap before GC invocations=7 (full 0):
 garbage-first heap   total 253952K, used 149539K [0x0000000709400000, 0x0000000800000000)
  region size 1024K, 133 young (136192K), 10 survivors (10240K)
 Metaspace       used 42249K, capacity 43620K, committed 43696K, reserved 1087488K
  class space    used 5553K, capacity 6094K, committed 6144K, reserved 1048576K
}
Event: 6.253 GC heap after
{Heap after GC invocations=8 (full 0):
 garbage-first heap   total 253952K, used 21651K [0x0000000709400000, 0x0000000800000000)
  region size 1024K, 9 young (9216K), 9 survivors (9216K)
 Metaspace       used 42249K, capacity 43620K, committed 43696K, reserved 1087488K
  class space    used 5553K, capacity 6094K, committed 6144K, reserved 1048576K
}
Event: 8.009 GC heap before
{Heap before GC invocations=8 (full 0):
 garbage-first heap   total 253952K, used 162963K [0x0000000709400000, 0x0000000800000000)
  region size 1024K, 148 young (151552K), 9 survivors (9216K)
 Metaspace       used 58253K, capacity 60090K, committed 60208K, reserved 1101824K
  class space    used 7737K, capacity 8494K, committed 8576K, reserved 1048576K
}
Event: 8.021 GC heap after
{Heap after GC invocations=9 (full 0):
 garbage-first heap   total 253952K, used 28219K [0x0000000709400000, 0x0000000800000000)
  region size 1024K, 16 young (16384K), 16 survivors (16384K)
 Metaspace       used 58253K, capacity 60090K, committed 60208K, reserved 1101824K
  class space    used 7737K, capacity 8494K, committed 8576K, reserved 1048576K
}
Event: 16.469 GC heap before
{Heap before GC invocations=10 (full 0):
 garbage-first heap   total 253952K, used 169531K [0x0000000709400000, 0x0000000800000000)
  region size 1024K, 148 young (151552K), 16 survivors (16384K)
 Metaspace       used 70987K, capacity 73063K, committed 73136K, reserved 1112064K
  class space    used 9386K, capacity 10229K, committed 10240K, reserved 1048576K
}
Event: 16.483 GC heap after
{Heap after GC invocations=11 (full 0):
 garbage-first heap   total 253952K, used 36402K [0x0000000709400000, 0x0000000800000000)
  region size 1024K, 18 young (18432K), 18 survivors (18432K)
 Metaspace       used 70987K, capacity 73063K, committed 73136K, reserved 1112064K
  class space    used 9386K, capacity 10229K, committed 10240K, reserved 1048576K
}

Deoptimization events (0 events):
No events

Classes redefined (0 events):
No events

Internal exceptions (10 events):
Event: 16.847 Thread 0x000001d33df4c800 Exception <a 'java/lang/reflect/InvocationTargetException'{0x00000007170950b0}> (0x00000007170950b0) thrown at [t:/workspace/open/src/hotspot/share/runtime/reflection.cpp, line 1242]
Event: 16.850 Thread 0x000001d33df4c800 Exception <a 'java/lang/NoClassDefFoundError'{0x0000000717095d88}: Could not initialize class io.netty.internal.tcnative.SSL> (0x0000000717095d88) thrown at [t:/workspace/open/src/hotspot/share/oops/instanceKlass.cpp, line 946]
Event: 16.850 Thread 0x000001d33df4c800 Exception <a 'java/lang/NoClassDefFoundError'{0x0000000717095d88}> (0x0000000717095d88) thrown at [t:/workspace/open/src/hotspot/share/prims/jni.cpp, line 615]
Event: 16.860 Thread 0x000001d33df4c800 Exception <a 'java/lang/reflect/InvocationTargetException'{0x000000071709f688}> (0x000000071709f688) thrown at [t:/workspace/open/src/hotspot/share/runtime/reflection.cpp, line 1242]
Event: 16.874 Thread 0x000001d33df4c800 Exception <a 'java/lang/reflect/InvocationTargetException'{0x00000007170bcd88}> (0x00000007170bcd88) thrown at [t:/workspace/open/src/hotspot/share/runtime/reflection.cpp, line 1242]
Event: 16.945 Thread 0x000001d33df4c800 Exception <a 'java/lang/UnsatisfiedLinkError'{0x00000007170d7da0}> (0x00000007170d7da0) thrown at [t:/workspace/open/src/hotspot/share/prims/jvm.cpp, line 3458]
Event: 16.945 Thread 0x000001d33df4c800 Exception <a 'java/lang/UnsatisfiedLinkError'{0x00000007170d7da0}> (0x00000007170d7da0) thrown at [t:/workspace/open/src/hotspot/share/prims/jni.cpp, line 615]
Event: 16.945 Thread 0x000001d33df4c800 Exception <a 'java/lang/reflect/InvocationTargetException'{0x00000007170d8b10}> (0x00000007170d8b10) thrown at [t:/workspace/open/src/hotspot/share/runtime/reflection.cpp, line 1242]
Event: 16.957 Thread 0x000001d33df4c800 Exception <a 'java/lang/UnsatisfiedLinkError'{0x00000007170d9858}> (0x00000007170d9858) thrown at [t:/workspace/open/src/hotspot/share/prims/jvm.cpp, line 3458]
Event: 16.957 Thread 0x000001d33df4c800 Exception <a 'java/lang/UnsatisfiedLinkError'{0x00000007170d9858}> (0x00000007170d9858) thrown at [t:/workspace/open/src/hotspot/share/prims/jni.cpp, line 615]

Events (10 events):
Event: 16.957 loading class io/netty/util/internal/NativeLibraryLoader$NoexecVolumeDetector
Event: 16.957 loading class io/netty/util/internal/NativeLibraryLoader$NoexecVolumeDetector done
Event: 16.960 loading class io/netty/handler/ssl/OpenSslEngine
Event: 16.960 loading class io/netty/handler/ssl/OpenSslEngine done
Event: 16.960 loading class io/netty/handler/ssl/ReferenceCountedOpenSslEngine
Event: 16.960 loading class io/netty/handler/ssl/ReferenceCountedOpenSslEngine done
Event: 16.962 loading class io/netty/util/ReferenceCounted
Event: 16.962 loading class io/netty/util/ReferenceCounted done
Event: 16.963 loading class io/netty/handler/ssl/ApplicationProtocolAccessor
Event: 16.963 loading class io/netty/handler/ssl/ApplicationProtocolAccessor done


Dynamic libraries:
0x00007ff7415c0000 - 0x00007ff741605000 	C:\jdk11\bin\java.exe
0x00007ffb98870000 - 0x00007ffb98a67000 	C:\Windows\SYSTEM32\ntdll.dll
0x00007ffb98770000 - 0x00007ffb9882d000 	C:\Windows\System32\KERNEL32.DLL
0x00007ffb96470000 - 0x00007ffb96766000 	C:\Windows\System32\KERNELBASE.dll
0x00007ffb98410000 - 0x00007ffb985ae000 	C:\Windows\System32\USER32.dll
0x00007ffb95fe0000 - 0x00007ffb96002000 	C:\Windows\System32\win32u.dll
0x00007ffb98270000 - 0x00007ffb9829c000 	C:\Windows\System32\GDI32.dll
0x00007ffb96190000 - 0x00007ffb962aa000 	C:\Windows\System32\gdi32full.dll
0x00007ffb962b0000 - 0x00007ffb9634d000 	C:\Windows\System32\msvcp_win.dll
0x00007ffb96010000 - 0x00007ffb96110000 	C:\Windows\System32\ucrtbase.dll
0x00007ffb83830000 - 0x00007ffb83aca000 	C:\Windows\WinSxS\amd64_microsoft.windows.common-controls_6595b64144ccf1df_6.0.19041.3570_none_60bb2a3971f3e41a\COMCTL32.dll
0x00007ffb977a0000 - 0x00007ffb9783e000 	C:\Windows\System32\msvcrt.dll
0x00007ffb968e0000 - 0x00007ffb96910000 	C:\Windows\System32\IMM32.DLL
0x00007ffb79a80000 - 0x00007ffb79aad000 	C:\Program Files\MacType\MacType64.dll
0x00007ffb981b0000 - 0x00007ffb9825e000 	C:\Windows\System32\ADVAPI32.dll
0x00007ffb973d0000 - 0x00007ffb9746c000 	C:\Windows\System32\sechost.dll
0x00007ffb97840000 - 0x00007ffb97966000 	C:\Windows\System32\RPCRT4.dll
0x00007ffb79ab0000 - 0x00007ffb79b0a000 	C:\Program Files\MacType\Easyhk64.dll
0x00007ffb79970000 - 0x00007ffb79a7b000 	C:\Program Files\MacType\MacType64.Core.dll
0x00007ffb92540000 - 0x00007ffb92b00000 	C:\Windows\SYSTEM32\d2d1.dll
0x00007ffb85660000 - 0x00007ffb858df000 	C:\Windows\SYSTEM32\dwrite.dll
0x00007ffb95f50000 - 0x00007ffb95fd2000 	C:\Windows\System32\bcryptPrimitives.dll
0x00007ffb87a00000 - 0x00007ffb87a16000 	C:\jdk11\bin\vcruntime140.dll
0x00007ffb673c0000 - 0x00007ffb6746a000 	C:\jdk11\bin\msvcp140.dll
0x00007ffb49320000 - 0x00007ffb49e43000 	C:\jdk11\bin\server\jvm.dll
0x00007ffb968d0000 - 0x00007ffb968d8000 	C:\Windows\System32\PSAPI.DLL
0x00007ffb8cf80000 - 0x00007ffb8cf8a000 	C:\Windows\SYSTEM32\VERSION.dll
0x00007ffb8b5f0000 - 0x00007ffb8b617000 	C:\Windows\SYSTEM32\WINMM.dll
0x00007ffb8f9b0000 - 0x00007ffb8f9b9000 	C:\Windows\SYSTEM32\WSOCK32.dll
0x000001d314b10000 - 0x000001d314b7b000 	C:\Windows\System32\WS2_32.dll
0x00007ffb93db0000 - 0x00007ffb93dc2000 	C:\Windows\SYSTEM32\kernel.appcore.dll
0x00007ffb82960000 - 0x00007ffb82971000 	C:\jdk11\bin\verify.dll
0x00007ffb8b300000 - 0x00007ffb8b4e4000 	C:\Windows\SYSTEM32\DBGHELP.DLL
0x00007ffb80230000 - 0x00007ffb80264000 	C:\Windows\SYSTEM32\dbgcore.DLL
0x00007ffb72a20000 - 0x00007ffb72a48000 	C:\jdk11\bin\java.dll
0x00007ffb6a240000 - 0x00007ffb6a26f000 	C:\jdk11\bin\instrument.dll
0x00007ffb82650000 - 0x00007ffb82666000 	C:\jdk11\bin\zip.dll
0x00007ffb87810000 - 0x00007ffb8781a000 	C:\jdk11\bin\jimage.dll
0x00007ffb96910000 - 0x00007ffb97054000 	C:\Windows\System32\SHELL32.dll
0x00007ffb93fb0000 - 0x00007ffb9474b000 	C:\Windows\SYSTEM32\windows.storage.dll
0x00007ffb97970000 - 0x00007ffb97cc4000 	C:\Windows\System32\combase.dll
0x00007ffb957e0000 - 0x00007ffb9580d000 	C:\Windows\SYSTEM32\Wldp.dll
0x00007ffb985b0000 - 0x00007ffb9865d000 	C:\Windows\System32\SHCORE.dll
0x00007ffb97110000 - 0x00007ffb97165000 	C:\Windows\System32\shlwapi.dll
0x00007ffb95e80000 - 0x00007ffb95ea5000 	C:\Windows\SYSTEM32\profapi.dll
0x00007ffb81df0000 - 0x00007ffb81e09000 	C:\jdk11\bin\net.dll
0x00007ffb88080000 - 0x00007ffb8826d000 	C:\Windows\SYSTEM32\urlmon.dll
0x00007ffb8d8d0000 - 0x00007ffb8d9da000 	C:\Windows\SYSTEM32\WINHTTP.dll
0x00007ffb85c00000 - 0x00007ffb85ebc000 	C:\Windows\SYSTEM32\iertutil.dll
0x00007ffb953e0000 - 0x00007ffb953ec000 	C:\Windows\SYSTEM32\netutils.dll
0x00007ffb88050000 - 0x00007ffb88079000 	C:\Windows\SYSTEM32\srvcli.dll
0x00007ffb955c0000 - 0x00007ffb9562a000 	C:\Windows\system32\mswsock.dll
0x00007ffb7f6c0000 - 0x00007ffb7f6d3000 	C:\jdk11\bin\nio.dll
0x00007ffb821b0000 - 0x00007ffb821ca000 	C:\Program Files\JetBrains\IntelliJ IDEA 2022.2\bin\breakgen64.dll
0x00007ffb95310000 - 0x00007ffb953da000 	C:\Windows\SYSTEM32\DNSAPI.dll
0x00007ffb952d0000 - 0x00007ffb9530b000 	C:\Windows\SYSTEM32\IPHLPAPI.DLL
0x00007ffb98660000 - 0x00007ffb98668000 	C:\Windows\System32\NSI.dll
0x00007ffb8e2c0000 - 0x00007ffb8e2ca000 	C:\Windows\System32\rasadhlp.dll
0x00007ffb884d0000 - 0x00007ffb88552000 	C:\Windows\System32\fwpuclnt.dll
0x00007ffb96110000 - 0x00007ffb96137000 	C:\Windows\System32\bcrypt.dll
0x00007ffb82990000 - 0x00007ffb82999000 	C:\jdk11\bin\management.dll
0x00007ffb82980000 - 0x00007ffb8298c000 	C:\jdk11\bin\management_ext.dll
0x00007ffb95820000 - 0x00007ffb95838000 	C:\Windows\SYSTEM32\CRYPTSP.dll
0x00007ffb94ef0000 - 0x00007ffb94f24000 	C:\Windows\system32\rsaenh.dll
0x00007ffb95e00000 - 0x00007ffb95e2e000 	C:\Windows\SYSTEM32\USERENV.dll
0x00007ffb95750000 - 0x00007ffb9575c000 	C:\Windows\SYSTEM32\CRYPTBASE.dll
0x00007ffb8ec90000 - 0x00007ffb8eca7000 	C:\Windows\SYSTEM32\dhcpcsvc6.DLL
0x00007ffb8e5e0000 - 0x00007ffb8e5fd000 	C:\Windows\SYSTEM32\dhcpcsvc.DLL
0x00007ffb79b50000 - 0x00007ffb79b67000 	C:\Windows\system32\napinsp.dll
0x00007ffb79b30000 - 0x00007ffb79b4b000 	C:\Windows\system32\pnrpnsp.dll
0x00007ffb908f0000 - 0x00007ffb90905000 	C:\Windows\system32\wshbth.dll
0x00007ffb917e0000 - 0x00007ffb917fd000 	C:\Windows\system32\NLAapi.dll
0x00007ffb79b10000 - 0x00007ffb79b22000 	C:\Windows\System32\winrnr.dll
0x00007ffb76f30000 - 0x00007ffb76f3d000 	C:\jdk11\bin\sunmscapi.dll
0x00007ffb96770000 - 0x00007ffb968cd000 	C:\Windows\System32\CRYPT32.dll
0x00007ffb95990000 - 0x00007ffb959b7000 	C:\Windows\SYSTEM32\ncrypt.dll
0x00007ffb95950000 - 0x00007ffb9598b000 	C:\Windows\SYSTEM32\NTASN1.dll
0x00007ffb6a0c0000 - 0x00007ffb6a0e7000 	C:\jdk11\bin\sunec.dll

dbghelp: loaded successfully - version: 4.0.5 - missing functions: none
symbol engine: initialized successfully - sym options: 0x614 - pdb path: .;C:\jdk11\bin;C:\Windows\SYSTEM32;C:\Windows\WinSxS\amd64_microsoft.windows.common-controls_6595b64144ccf1df_6.0.19041.3570_none_60bb2a3971f3e41a;C:\Program Files\MacType;C:\jdk11\bin\server;C:\Program Files\JetBrains\IntelliJ IDEA 2022.2\bin;C:\Users\a0107\AppData\Local\Temp

VM Arguments:
jvm_args: -XX:TieredStopAtLevel=1 -Xverify:none -Dspring.output.ansi.enabled=always -Dcom.sun.management.jmxremote -Dspring.jmx.enabled=true -Dspring.liveBeansView.mbeanDomain -Dspring.application.admin.enabled=true -javaagent:C:\Program Files\JetBrains\IntelliJ IDEA 2022.2\lib\idea_rt.jar=63310:C:\Program Files\JetBrains\IntelliJ IDEA 2022.2\bin -Dfile.encoding=UTF-8 
java_command: Ojakgyo.com.example.Ojakgyo.OjakgyoApplication
java_class_path (initial): C:\Users\a0107\IdeaProjects\Ojakgyo\build\classes\java\main;C:\Users\a0107\IdeaProjects\Ojakgyo\build\resources\main;C:\Users\a0107\.gradle\caches\modules-2\files-2.1\org.projectlombok\lombok\1.18.24\13a394eed5c4f9efb2a6d956e2086f1d81e857d9\lombok-1.18.24.jar;C:\Users\a0107\.gradle\caches\modules-2\files-2.1\org.springframework.boot\spring-boot-starter-data-jpa\2.7.7\bc28a10c4fc39f01e9233db84f132eb4b8c53390\spring-boot-starter-data-jpa-2.7.7.jar;C:\Users\a0107\.gradle\caches\modules-2\files-2.1\org.springframework.boot\spring-boot-starter-web\2.7.7\b551cc70136739c9834ed278c25d24efa8abe66e\spring-boot-starter-web-2.7.7.jar;C:\Users\a0107\.gradle\caches\modules-2\files-2.1\org.springframework.boot\spring-boot-starter-tomcat\2.7.7\2110ccddc766217bbc3e9194ee637d4ef32e58e9\spring-boot-starter-tomcat-2.7.7.jar;C:\Users\a0107\.gradle\caches\modules-2\files-2.1\org.springframework.boot\spring-boot-starter-security\2.7.7\27c5ef5bcf91e362572aed544c7d64eb0296d9a4\spring-boot-starter-security-2.7.7.jar;C:\Users\a0107\.gradle\caches\modules-2\files-2.1\org.springframework.boot\spring-boot-starter-validation\2.7.7\b29d0346e75f3d508d32377af0c9694ef5ab5714\spring-boot-starter-validation-2.7.7.jar;C:\Users\a0107\.gradle\caches\modules-2\files-2.1\org.hyperledger.fabric\fabric-gateway-java\1.4.5\78200dd1b9586eb34bdd58530d8f4275ee063166\fabric-gateway-java-1.4.5.jar;C:\Users\a0107\.gradle\caches\modules-2\files-2.1\org.apache.httpcomponents\httpclient\4.5.14\1194890e6f56ec29177673f2f12d0b8e627dec98\httpclient-4.5.14.jar;C:\Users\a0107\.gradle\caches\modules-2\files-2.1\com.auth0\java-jwt\3.4.1\4abde7b59cfd0779b8db2de32e1f3f714c0bc232\java-jwt-3.4.1.jar;C:\Users\a0107\.gradle\caches\modules-2\files-2.1\org.codehaus.jackson\jackson-mapper-asl\1.9.13\1ee2f2bed0e5dd29d1cb155a166e6f8d50bbddb7\jackson-mapper-asl-1.9.13.jar;C:\Users\a0107\.gradle\caches\modules-2\files-2.1\com.google.guava\guava\29.0-jre\801142b4c3d0f0770dd29abea50906cacfddd447\guava-29.0-jre.jar
Launcher Type: SUN_STANDARD

[Global flags]
     bool BytecodeVerificationLocal                = false                                     {product} {command line}
     bool BytecodeVerificationRemote               = false                                     {product} {command line}
     intx CICompilerCount                          = 12                                        {product} {ergonomic}
     uint ConcGCThreads                            = 3                                         {product} {ergonomic}
     uint G1ConcRefinementThreads                  = 13                                        {product} {ergonomic}
   size_t G1HeapRegionSize                         = 1048576                                   {product} {ergonomic}
    uintx GCDrainStackTargetSize                   = 64                                        {product} {ergonomic}
   size_t InitialHeapSize                          = 260046848                                 {product} {ergonomic}
     bool ManagementServer                         = true                                      {product} {command line}
   size_t MarkStackSize                            = 4194304                                   {product} {ergonomic}
   size_t MaxHeapSize                              = 4139778048                                {product} {ergonomic}
   size_t MaxNewSize                               = 2483027968                                {product} {ergonomic}
   size_t MinHeapDeltaBytes                        = 1048576                                   {product} {ergonomic}
    uintx NonNMethodCodeHeapSize                   = 12163472                               {pd product} {ergonomic}
    uintx NonProfiledCodeHeapSize                  = 239494768                              {pd product} {ergonomic}
    uintx ProfiledCodeHeapSize                     = 0                                      {pd product} {ergonomic}
    uintx ReservedCodeCacheSize                    = 251658240                              {pd product} {ergonomic}
     bool SegmentedCodeCache                       = true                                      {product} {ergonomic}
     intx TieredStopAtLevel                        = 1                                         {product} {command line}
     bool UseCompressedClassPointers               = true                                 {lp64_product} {ergonomic}
     bool UseCompressedOops                        = true                                 {lp64_product} {ergonomic}
     bool UseG1GC                                  = true                                      {product} {ergonomic}
     bool UseLargePagesIndividualAllocation        = false                                  {pd product} {ergonomic}

Logging:
Log output configuration:
 #0: stdout all=warning uptime,level,tags
 #1: stderr all=off uptime,level,tags

Environment Variables:
CLASSPATH=C:\Program Files\Microsoft\jdk-11.0.12.7-hotspot;.;
PATH=C:\Program Files\Common Files\Oracle\Java\javapath;C:\Program Files (x86)\Common Files\Oracle\Java\javapath;C:\Windows\system32;C:\Windows;C:\Windows\System32\Wbem;C:\Windows\System32\WindowsPowerShell\v1.0\;C:\Windows\System32\OpenSSH\;C:\Program Files (x86)\PuTTY\;C:\MinGW\bin;C:\ProgramData\chocolatey\bin;C:\Program Files\Git\cmd;C:\Program Files\Microsoft SQL Server\150\Tools\Binn\;C:\Program Files\Microsoft SQL Server\Client SDK\ODBC\170\Tools\Binn\;C:\Program Files\dotnet\;C:\Program Files\nodejs\;C:\Apache24\bin;C:\Program Files\MySQL\MySQL Server 8.0\bin;C:\Program Files\Microsoft\jdk-11.0.12.7-hotspot\bin;C:\jdk11\bin;C:\Program Files\OpenSSL-Win64\bin;C:\Program Files\MySQL\MySQL Shell 8.0\bin\;C:\Users\a0107\AppData\Local\Programs\Python\Python39\Scripts\;C:\Users\a0107\AppData\Local\Programs\Python\Python39\;C:\Users\a0107\AppData\Local\Microsoft\WindowsApps;C:\Program Files\JetBrains\PyCharm 2020.3.3\bin;C:\Program Files\JetBrains\PyCharm Community Edition 2020.3.3\bin;C:\Users\a0107\AppData\Local\atom\bin;C:\Users\a0107\AppData\Local\Programs\Microsoft VS Code\bin;C:\Program Files\JetBrains\IntelliJ IDEA Community Edition 2021.3.3\bin;;C:\Program Files\JetBrains\IntelliJ IDEA 2022.2\bin;;C:\Users\a0107\.dotnet\tools;C:\Users\a0107\AppData\Roaming\npm;C:\Users\a0107\AppData\Local\GitHubDesktop\bin;C:\Program Files\OpenSSL-Win64\bin;
USERNAME=유정
OS=Windows_NT
PROCESSOR_IDENTIFIER=AMD64 Family 23 Model 96 Stepping 1, AuthenticAMD



---------------  S Y S T E M  ---------------

OS: Windows 10 , 64 bit Build 19041 (10.0.19041.3570)

CPU:total 16 (initial active 16) (16 cores per cpu, 2 threads per core) family 23 model 96 stepping 1, cmov, cx8, fxsr, mmx, sse, sse2, sse3, ssse3, sse4.1, sse4.2, popcnt, avx, avx2, aes, clmul, mmxext, 3dnowpref, lzcnt, sse4a, ht, tsc, tscinvbit, tscinv, bmi1, bmi2, adx, sha, fma

Memory: 4k page, system-wide physical 15790M (3096M free)
TotalPageFile size 21455M (AvailPageFile size 2258M)
current process WorkingSet (physical memory assigned to process): 344M, peak: 344M
current process commit charge ("private bytes"): 459M, peak: 459M

vm_info: OpenJDK 64-Bit Server VM (11.0.2+9) for windows-amd64 JRE (11.0.2+9), built on Jan 18 2019 05:23:22 by "mach5one" with MS VC++ 15.5 (VS2017)

END.
